{
  "stats": {
    "suites": 1,
    "tests": 7,
    "passes": 7,
    "pending": 0,
    "failures": 0,
    "start": "2026-07-01T00:30:00.648Z",
    "end": "2026-07-01T00:30:06.173Z",
    "duration": 5525,
    "testsRegistered": 7,
    "passPercent": 100,
    "pendingPercent": 0,
    "other": 0,
    "hasOther": false,
    "skipped": 0,
    "hasSkipped": false
  },
  "results": [
    {
      "uuid": "78e773f0-fbae-439c-b356-4208f2098f68",
      "title": "",
      "fullFile": "cypress\\e2e\\Comandos-basicos-do-cypress.cy.js",
      "file": "cypress\\e2e\\Comandos-basicos-do-cypress.cy.js",
      "beforeHooks": [],
      "afterHooks": [],
      "tests": [],
      "suites": [
        {
          "uuid": "db5c5ba6-1aad-4b88-8019-3f32e8144c95",
          "title": "Comandos Básicos do Cypress",
          "fullFile": "",
          "file": "",
          "beforeHooks": [],
          "afterHooks": [],
          "tests": [
            {
              "title": "Abrir uma URL",
              "fullTitle": "Comandos Básicos do Cypress Abrir uma URL",
              "timedOut": null,
              "duration": 930,
              "state": "passed",
              "speed": "fast",
              "pass": true,
              "fail": false,
              "pending": false,
              "context": null,
              "code": "cy.visit('https://automationpratice.com.br/login');",
              "err": {},
              "uuid": "28b3ed22-6c0e-4c53-bb76-be9d52cec34c",
              "parentUUID": "db5c5ba6-1aad-4b88-8019-3f32e8144c95",
              "isHook": false,
              "skipped": false
            },
            {
              "title": "Encontrar Elementos",
              "fullTitle": "Comandos Básicos do Cypress Encontrar Elementos",
              "timedOut": null,
              "duration": 829,
              "state": "passed",
              "speed": "fast",
              "pass": true,
              "fail": false,
              "pending": false,
              "context": null,
              "code": "cy.visit('https://automationpratice.com.br/login');\n//get()\ncy.get('#user');\n//find() - Usa depois que diminui o escopo com o get()\ncy.get('.mc-form').find('.form-control');\ncy.get('.mc-form').find('.form-control').type('meu.emaul@teste.com.br{enter}'); //Assim ele já simula o click no enter do teclado\n//contais() - encontra um elemento pelo texto!\ncy.get('.mc-form').contains('Send');",
              "err": {},
              "uuid": "e814e959-826f-49ab-ac1e-8a25193a84cb",
              "parentUUID": "db5c5ba6-1aad-4b88-8019-3f32e8144c95",
              "isHook": false,
              "skipped": false
            },
            {
              "title": "Preencher um Campo",
              "fullTitle": "Comandos Básicos do Cypress Preencher um Campo",
              "timedOut": null,
              "duration": 894,
              "state": "passed",
              "speed": "fast",
              "pass": true,
              "fail": false,
              "pending": false,
              "context": null,
              "code": "cy.visit('https://automationpratice.com.br/login');\ncy.get('#user').type('teste@teste.com.br');\ncy.get('#password').type('123456');",
              "err": {},
              "uuid": "e475f65e-38ab-499e-bd50-81f394564164",
              "parentUUID": "db5c5ba6-1aad-4b88-8019-3f32e8144c95",
              "isHook": false,
              "skipped": false
            },
            {
              "title": "Click no Elemento",
              "fullTitle": "Comandos Básicos do Cypress Click no Elemento",
              "timedOut": null,
              "duration": 655,
              "state": "passed",
              "speed": "fast",
              "pass": true,
              "fail": false,
              "pending": false,
              "context": null,
              "code": "cy.visit('https://automationpratice.com.br/login');\ncy.get('#btnLogin').click();\ncy.get('#btnLogin').click(10, 10); //Clica em uma coordenada especifica do elemento\ncy.get('#btnLogin').rightclick(); //Clica com o botão direito\ncy.get('#btnLogin').dblclick(); //Double click",
              "err": {},
              "uuid": "d6e3ca61-5b94-4421-a824-398cfb883197",
              "parentUUID": "db5c5ba6-1aad-4b88-8019-3f32e8144c95",
              "isHook": false,
              "skipped": false
            },
            {
              "title": "Select/Dropdown",
              "fullTitle": "Comandos Básicos do Cypress Select/Dropdown",
              "timedOut": null,
              "duration": 612,
              "state": "passed",
              "speed": "fast",
              "pass": true,
              "fail": false,
              "pending": false,
              "context": null,
              "code": "cy.visit('https://automationpratice.com.br/checkout-one');\ncy.get('#country').select(1); //Seleciona o primeiro elemento da caixa de seleção\ncy.get('#country').select(2); //Seleciona o segundo elemento da caixa de seleção",
              "err": {},
              "uuid": "50047665-6b2a-4df9-8887-2bf1b037070a",
              "parentUUID": "db5c5ba6-1aad-4b88-8019-3f32e8144c95",
              "isHook": false,
              "skipped": false
            },
            {
              "title": "Checkbox/Radio",
              "fullTitle": "Comandos Básicos do Cypress Checkbox/Radio",
              "timedOut": null,
              "duration": 506,
              "state": "passed",
              "speed": "fast",
              "pass": true,
              "fail": false,
              "pending": false,
              "context": null,
              "code": "cy.visit('https://automationpratice.com.br/checkout-one');\ncy.get('#materialUnchecked').check(); //Marca o item da Checkbox\ncy.get('#materialUnchecked').uncheck(); //Desmarca o Item da Checkbox",
              "err": {},
              "uuid": "dcda98b0-3c16-4644-8eac-49a53aaf8bb3",
              "parentUUID": "db5c5ba6-1aad-4b88-8019-3f32e8144c95",
              "isHook": false,
              "skipped": false
            },
            {
              "title": "Validar um Elemento",
              "fullTitle": "Comandos Básicos do Cypress Validar um Elemento",
              "timedOut": null,
              "duration": 973,
              "state": "passed",
              "speed": "fast",
              "pass": true,
              "fail": false,
              "pending": false,
              "context": null,
              "code": "cy.visit('https://automationpratice.com.br/login');\ncy.get('#user').type('teste@teste.com.br');\ncy.get('#password').type('123456');\ncy.get('#btnLogin').click();\ncy.get('#swal2-title').should('be.visible').should('have.text', 'Login realizado'); //Valida se o elemento está visível e se contém o texto esperado",
              "err": {},
              "uuid": "4b2cd8fa-81ec-4381-a3d0-9672f8325e76",
              "parentUUID": "db5c5ba6-1aad-4b88-8019-3f32e8144c95",
              "isHook": false,
              "skipped": false
            }
          ],
          "suites": [],
          "passes": [
            "28b3ed22-6c0e-4c53-bb76-be9d52cec34c",
            "e814e959-826f-49ab-ac1e-8a25193a84cb",
            "e475f65e-38ab-499e-bd50-81f394564164",
            "d6e3ca61-5b94-4421-a824-398cfb883197",
            "50047665-6b2a-4df9-8887-2bf1b037070a",
            "dcda98b0-3c16-4644-8eac-49a53aaf8bb3",
            "4b2cd8fa-81ec-4381-a3d0-9672f8325e76"
          ],
          "failures": [],
          "pending": [],
          "skipped": [],
          "duration": 5399,
          "root": false,
          "rootEmpty": false,
          "_timeout": 2000
        }
      ],
      "passes": [],
      "failures": [],
      "pending": [],
      "skipped": [],
      "duration": 0,
      "root": true,
      "rootEmpty": true,
      "_timeout": 2000
    }
  ],
  "meta": {
    "mocha": {
      "version": "7.2.0"
    },
    "mochawesome": {
      "options": {
        "quiet": true,
        "reportFilename": "mochawesome",
        "saveHtml": false,
        "saveJson": true,
        "consoleReporter": "spec",
        "useInlineDiffs": false,
        "code": true
      },
      "version": "7.1.4"
    },
    "marge": {
      "options": {
        "reportDir": "cypress/reports",
        "overwrite": false,
        "html": false,
        "json": true,
        "quiet": true
      },
      "version": "6.3.2"
    }
  }
}