{
  "stats": {
    "suites": 1,
    "tests": 3,
    "passes": 3,
    "pending": 0,
    "failures": 0,
    "start": "2026-07-01T00:32:19.442Z",
    "end": "2026-07-01T00:32:34.195Z",
    "duration": 14753,
    "testsRegistered": 3,
    "passPercent": 100,
    "pendingPercent": 0,
    "other": 0,
    "hasOther": false,
    "skipped": 0,
    "hasSkipped": false
  },
  "results": [
    {
      "uuid": "987d6c3a-4241-4221-9e88-df8b5f1eea84",
      "title": "",
      "fullFile": "cypress\\e2e\\Teste-checkout.cy.js",
      "file": "cypress\\e2e\\Teste-checkout.cy.js",
      "beforeHooks": [],
      "afterHooks": [],
      "tests": [],
      "suites": [
        {
          "uuid": "b6fe2534-a66c-4d3c-b304-323391c90290",
          "title": "Testes de Checkout",
          "fullFile": "",
          "file": "",
          "beforeHooks": [],
          "afterHooks": [],
          "tests": [
            {
              "title": "Checkout com sucesso usando paypal",
              "fullTitle": "Testes de Checkout Checkout com sucesso usando paypal",
              "timedOut": null,
              "duration": 6122,
              "state": "passed",
              "speed": "medium",
              "pass": true,
              "fail": false,
              "pending": false,
              "context": null,
              "code": "//Preencher as informações paga Pagamento e salvar\n(0, _checkout_page.preencherFirstName)(_faker.faker.person.firstName());\n(0, _checkout_page.preencherLastName)(_faker.faker.person.lastName());\n(0, _checkout_page.preencherCompany)(_faker.faker.company.name());\n(0, _checkout_page.preencherEmail)(_faker.faker.internet.email());\n(0, _checkout_page.selecionarCountry)(1);\n(0, _checkout_page.selecionarCity)(2);\n(0, _checkout_page.preencherZipCode)(_faker.faker.string.numeric(9));\n(0, _checkout_page.preencherFullAdress)(`${_faker.faker.location.street()}, ${_faker.faker.location.buildingNumber()}, ${_faker.faker.location.secondaryAddress()}`);\n(0, _checkout_page.preencherAdicionalNotes)(_faker.faker.lorem.lines({\n  min: 1,\n  max: 3\n}));\n(0, _checkout_page.marcarSalvarDados)();\n(0, _checkout_page.clicarSalvar)();\n//Escolher a opção de pagamento validar ela e finalizar pedido\n(0, _checkout_page.selecionarMetodoPagamento)(metodo);\n(0, _checkout_page.validarSelecaoMetodoPagamento)(metodo);\n(0, _checkout_page.placeOrder)();\n(0, _checkout_page.validarPedidoSucesso)();",
              "err": {},
              "uuid": "8db579bd-02bf-4670-a288-4f41005537d6",
              "parentUUID": "b6fe2534-a66c-4d3c-b304-323391c90290",
              "isHook": false,
              "skipped": false
            },
            {
              "title": "Checkout com sucesso usando mobileBanking",
              "fullTitle": "Testes de Checkout Checkout com sucesso usando mobileBanking",
              "timedOut": null,
              "duration": 4282,
              "state": "passed",
              "speed": "fast",
              "pass": true,
              "fail": false,
              "pending": false,
              "context": null,
              "code": "//Preencher as informações paga Pagamento e salvar\n(0, _checkout_page.preencherFirstName)(_faker.faker.person.firstName());\n(0, _checkout_page.preencherLastName)(_faker.faker.person.lastName());\n(0, _checkout_page.preencherCompany)(_faker.faker.company.name());\n(0, _checkout_page.preencherEmail)(_faker.faker.internet.email());\n(0, _checkout_page.selecionarCountry)(1);\n(0, _checkout_page.selecionarCity)(2);\n(0, _checkout_page.preencherZipCode)(_faker.faker.string.numeric(9));\n(0, _checkout_page.preencherFullAdress)(`${_faker.faker.location.street()}, ${_faker.faker.location.buildingNumber()}, ${_faker.faker.location.secondaryAddress()}`);\n(0, _checkout_page.preencherAdicionalNotes)(_faker.faker.lorem.lines({\n  min: 1,\n  max: 3\n}));\n(0, _checkout_page.marcarSalvarDados)();\n(0, _checkout_page.clicarSalvar)();\n//Escolher a opção de pagamento validar ela e finalizar pedido\n(0, _checkout_page.selecionarMetodoPagamento)(metodo);\n(0, _checkout_page.validarSelecaoMetodoPagamento)(metodo);\n(0, _checkout_page.placeOrder)();\n(0, _checkout_page.validarPedidoSucesso)();",
              "err": {},
              "uuid": "8c47a271-7f13-4599-a676-50166c748f0c",
              "parentUUID": "b6fe2534-a66c-4d3c-b304-323391c90290",
              "isHook": false,
              "skipped": false
            },
            {
              "title": "Checkout com sucesso usando directBankTransfer",
              "fullTitle": "Testes de Checkout Checkout com sucesso usando directBankTransfer",
              "timedOut": null,
              "duration": 4271,
              "state": "passed",
              "speed": "fast",
              "pass": true,
              "fail": false,
              "pending": false,
              "context": null,
              "code": "//Preencher as informações paga Pagamento e salvar\n(0, _checkout_page.preencherFirstName)(_faker.faker.person.firstName());\n(0, _checkout_page.preencherLastName)(_faker.faker.person.lastName());\n(0, _checkout_page.preencherCompany)(_faker.faker.company.name());\n(0, _checkout_page.preencherEmail)(_faker.faker.internet.email());\n(0, _checkout_page.selecionarCountry)(1);\n(0, _checkout_page.selecionarCity)(2);\n(0, _checkout_page.preencherZipCode)(_faker.faker.string.numeric(9));\n(0, _checkout_page.preencherFullAdress)(`${_faker.faker.location.street()}, ${_faker.faker.location.buildingNumber()}, ${_faker.faker.location.secondaryAddress()}`);\n(0, _checkout_page.preencherAdicionalNotes)(_faker.faker.lorem.lines({\n  min: 1,\n  max: 3\n}));\n(0, _checkout_page.marcarSalvarDados)();\n(0, _checkout_page.clicarSalvar)();\n//Escolher a opção de pagamento validar ela e finalizar pedido\n(0, _checkout_page.selecionarMetodoPagamento)(metodo);\n(0, _checkout_page.validarSelecaoMetodoPagamento)(metodo);\n(0, _checkout_page.placeOrder)();\n(0, _checkout_page.validarPedidoSucesso)();",
              "err": {},
              "uuid": "675aef28-1cea-4698-ae77-9c56f677ce11",
              "parentUUID": "b6fe2534-a66c-4d3c-b304-323391c90290",
              "isHook": false,
              "skipped": false
            }
          ],
          "suites": [],
          "passes": [
            "8db579bd-02bf-4670-a288-4f41005537d6",
            "8c47a271-7f13-4599-a676-50166c748f0c",
            "675aef28-1cea-4698-ae77-9c56f677ce11"
          ],
          "failures": [],
          "pending": [],
          "skipped": [],
          "duration": 14675,
          "root": false,
          "rootEmpty": false,
          "_timeout": 2000
        }
      ],
      "passes": [],
      "failures": [],
      "pending": [],
      "skipped": [],
      "duration": 0,
      "root": true,
      "rootEmpty": true,
      "_timeout": 2000
    }
  ],
  "meta": {
    "mocha": {
      "version": "7.2.0"
    },
    "mochawesome": {
      "options": {
        "quiet": true,
        "reportFilename": "mochawesome",
        "saveHtml": false,
        "saveJson": true,
        "consoleReporter": "spec",
        "useInlineDiffs": false,
        "code": true
      },
      "version": "7.1.4"
    },
    "marge": {
      "options": {
        "reportDir": "cypress/reports",
        "overwrite": false,
        "html": false,
        "json": true,
        "quiet": true
      },
      "version": "6.3.2"
    }
  }
}