{
  "stats": {
    "suites": 1,
    "tests": 4,
    "passes": 4,
    "pending": 0,
    "failures": 0,
    "start": "2026-07-01T00:32:12.174Z",
    "end": "2026-07-01T00:32:17.420Z",
    "duration": 5246,
    "testsRegistered": 4,
    "passPercent": 100,
    "pendingPercent": 0,
    "other": 0,
    "hasOther": false,
    "skipped": 0,
    "hasSkipped": false
  },
  "results": [
    {
      "uuid": "2d1dd155-b290-4ff4-942e-61a218d7234e",
      "title": "",
      "fullFile": "cypress\\e2e\\Teste-cadastro.cy.js",
      "file": "cypress\\e2e\\Teste-cadastro.cy.js",
      "beforeHooks": [],
      "afterHooks": [],
      "tests": [],
      "suites": [
        {
          "uuid": "07be85dd-7f57-41df-be70-b751cf7f3e65",
          "title": "Testes de Cadastro",
          "fullFile": "",
          "file": "",
          "beforeHooks": [],
          "afterHooks": [],
          "tests": [
            {
              "title": "Cadastro com Sucesso",
              "fullTitle": "Testes de Cadastro Cadastro com Sucesso",
              "timedOut": null,
              "duration": 1750,
              "state": "passed",
              "speed": "fast",
              "pass": true,
              "fail": false,
              "pending": false,
              "context": null,
              "code": "(0, _cadastro_usuario_page.preencherNome)(_faker.faker.person.firstName());\n(0, _cadastro_usuario_page.preencherEmail)(_faker.faker.internet.email());\n(0, _cadastro_usuario_page.preencherSenha)(_faker.faker.string.numeric(6));\n(0, _cadastro_usuario_page.cadastrar)();\n(0, _cadastro_usuario_page.validarCadastroSucesso)();",
              "err": {},
              "uuid": "163739ed-97ba-4e81-95b7-9cd3b4cddfb7",
              "parentUUID": "07be85dd-7f57-41df-be70-b751cf7f3e65",
              "isHook": false,
              "skipped": false
            },
            {
              "title": "Cadastro com Usuário em Branco",
              "fullTitle": "Testes de Cadastro Cadastro com Usuário em Branco",
              "timedOut": null,
              "duration": 1256,
              "state": "passed",
              "speed": "fast",
              "pass": true,
              "fail": false,
              "pending": false,
              "context": null,
              "code": "(0, _cadastro_usuario_page.preencherEmail)(_faker.faker.internet.email());\n(0, _cadastro_usuario_page.preencherSenha)(_faker.faker.string.numeric(6));\n(0, _cadastro_usuario_page.cadastrar)();\n(0, _cadastro_usuario_page.validarCadastroErro)('#errorMessageFirstName', 'O campo nome deve ser prenchido');",
              "err": {},
              "uuid": "42bc4ede-90b1-45c7-b71f-ed1cf0f76776",
              "parentUUID": "07be85dd-7f57-41df-be70-b751cf7f3e65",
              "isHook": false,
              "skipped": false
            },
            {
              "title": "Cadastro com E-mail em Branco",
              "fullTitle": "Testes de Cadastro Cadastro com E-mail em Branco",
              "timedOut": null,
              "duration": 975,
              "state": "passed",
              "speed": "fast",
              "pass": true,
              "fail": false,
              "pending": false,
              "context": null,
              "code": "(0, _cadastro_usuario_page.preencherNome)(_faker.faker.person.firstName());\n(0, _cadastro_usuario_page.preencherSenha)(_faker.faker.string.numeric(6));\n(0, _cadastro_usuario_page.cadastrar)();\n(0, _cadastro_usuario_page.validarCadastroErro)('#errorMessageFirstName', 'O campo e-mail deve ser prenchido corretamente');",
              "err": {},
              "uuid": "07ef0c9e-3ad7-4929-bb23-683e7c8ac9d7",
              "parentUUID": "07be85dd-7f57-41df-be70-b751cf7f3e65",
              "isHook": false,
              "skipped": false
            },
            {
              "title": "Cadastro com Senha em Branco",
              "fullTitle": "Testes de Cadastro Cadastro com Senha em Branco",
              "timedOut": null,
              "duration": 1185,
              "state": "passed",
              "speed": "fast",
              "pass": true,
              "fail": false,
              "pending": false,
              "context": null,
              "code": "(0, _cadastro_usuario_page.preencherNome)(_faker.faker.person.firstName());\n(0, _cadastro_usuario_page.preencherEmail)(_faker.faker.internet.email());\n(0, _cadastro_usuario_page.cadastrar)();\n(0, _cadastro_usuario_page.validarCadastroErro)('#errorMessageFirstName', 'O campo senha deve ter pelo menos 6 dígitos');",
              "err": {},
              "uuid": "82bfb6ed-ff93-49a4-a3f5-8ed5593464ee",
              "parentUUID": "07be85dd-7f57-41df-be70-b751cf7f3e65",
              "isHook": false,
              "skipped": false
            }
          ],
          "suites": [],
          "passes": [
            "163739ed-97ba-4e81-95b7-9cd3b4cddfb7",
            "42bc4ede-90b1-45c7-b71f-ed1cf0f76776",
            "07ef0c9e-3ad7-4929-bb23-683e7c8ac9d7",
            "82bfb6ed-ff93-49a4-a3f5-8ed5593464ee"
          ],
          "failures": [],
          "pending": [],
          "skipped": [],
          "duration": 5166,
          "root": false,
          "rootEmpty": false,
          "_timeout": 2000
        }
      ],
      "passes": [],
      "failures": [],
      "pending": [],
      "skipped": [],
      "duration": 0,
      "root": true,
      "rootEmpty": true,
      "_timeout": 2000
    }
  ],
  "meta": {
    "mocha": {
      "version": "7.2.0"
    },
    "mochawesome": {
      "options": {
        "quiet": true,
        "reportFilename": "mochawesome",
        "saveHtml": false,
        "saveJson": true,
        "consoleReporter": "spec",
        "useInlineDiffs": false,
        "code": true
      },
      "version": "7.1.4"
    },
    "marge": {
      "options": {
        "reportDir": "cypress/reports",
        "overwrite": false,
        "html": false,
        "json": true,
        "quiet": true
      },
      "version": "6.3.2"
    }
  }
}