{
  "stats": {
    "suites": 1,
    "tests": 3,
    "passes": 3,
    "pending": 0,
    "failures": 0,
    "start": "2026-07-01T00:30:15.318Z",
    "end": "2026-07-01T00:30:29.612Z",
    "duration": 14294,
    "testsRegistered": 3,
    "passPercent": 100,
    "pendingPercent": 0,
    "other": 0,
    "hasOther": false,
    "skipped": 0,
    "hasSkipped": false
  },
  "results": [
    {
      "uuid": "966105ec-52c3-44cc-86ab-240cd452f198",
      "title": "",
      "fullFile": "cypress\\e2e\\Teste-checkout.cy.js",
      "file": "cypress\\e2e\\Teste-checkout.cy.js",
      "beforeHooks": [],
      "afterHooks": [],
      "tests": [],
      "suites": [
        {
          "uuid": "4e3da771-c85e-4d5c-b96f-ab72b3f970c1",
          "title": "Testes de Checkout",
          "fullFile": "",
          "file": "",
          "beforeHooks": [],
          "afterHooks": [],
          "tests": [
            {
              "title": "Checkout com sucesso usando paypal",
              "fullTitle": "Testes de Checkout Checkout com sucesso usando paypal",
              "timedOut": null,
              "duration": 4935,
              "state": "passed",
              "speed": "fast",
              "pass": true,
              "fail": false,
              "pending": false,
              "context": null,
              "code": "//Preencher as informações paga Pagamento e salvar\n(0, _checkout_page.preencherFirstName)(_faker.faker.person.firstName());\n(0, _checkout_page.preencherLastName)(_faker.faker.person.lastName());\n(0, _checkout_page.preencherCompany)(_faker.faker.company.name());\n(0, _checkout_page.preencherEmail)(_faker.faker.internet.email());\n(0, _checkout_page.selecionarCountry)(1);\n(0, _checkout_page.selecionarCity)(2);\n(0, _checkout_page.preencherZipCode)(_faker.faker.string.numeric(9));\n(0, _checkout_page.preencherFullAdress)(`${_faker.faker.location.street()}, ${_faker.faker.location.buildingNumber()}, ${_faker.faker.location.secondaryAddress()}`);\n(0, _checkout_page.preencherAdicionalNotes)(_faker.faker.lorem.lines({\n  min: 1,\n  max: 3\n}));\n(0, _checkout_page.marcarSalvarDados)();\n(0, _checkout_page.clicarSalvar)();\n//Escolher a opção de pagamento validar ela e finalizar pedido\n(0, _checkout_page.selecionarMetodoPagamento)(metodo);\n(0, _checkout_page.validarSelecaoMetodoPagamento)(metodo);\n(0, _checkout_page.placeOrder)();\n(0, _checkout_page.validarPedidoSucesso)();",
              "err": {},
              "uuid": "f1472bfd-d5fd-4cdc-a3f7-9d84221770f3",
              "parentUUID": "4e3da771-c85e-4d5c-b96f-ab72b3f970c1",
              "isHook": false,
              "skipped": false
            },
            {
              "title": "Checkout com sucesso usando mobileBanking",
              "fullTitle": "Testes de Checkout Checkout com sucesso usando mobileBanking",
              "timedOut": null,
              "duration": 5289,
              "state": "passed",
              "speed": "medium",
              "pass": true,
              "fail": false,
              "pending": false,
              "context": null,
              "code": "//Preencher as informações paga Pagamento e salvar\n(0, _checkout_page.preencherFirstName)(_faker.faker.person.firstName());\n(0, _checkout_page.preencherLastName)(_faker.faker.person.lastName());\n(0, _checkout_page.preencherCompany)(_faker.faker.company.name());\n(0, _checkout_page.preencherEmail)(_faker.faker.internet.email());\n(0, _checkout_page.selecionarCountry)(1);\n(0, _checkout_page.selecionarCity)(2);\n(0, _checkout_page.preencherZipCode)(_faker.faker.string.numeric(9));\n(0, _checkout_page.preencherFullAdress)(`${_faker.faker.location.street()}, ${_faker.faker.location.buildingNumber()}, ${_faker.faker.location.secondaryAddress()}`);\n(0, _checkout_page.preencherAdicionalNotes)(_faker.faker.lorem.lines({\n  min: 1,\n  max: 3\n}));\n(0, _checkout_page.marcarSalvarDados)();\n(0, _checkout_page.clicarSalvar)();\n//Escolher a opção de pagamento validar ela e finalizar pedido\n(0, _checkout_page.selecionarMetodoPagamento)(metodo);\n(0, _checkout_page.validarSelecaoMetodoPagamento)(metodo);\n(0, _checkout_page.placeOrder)();\n(0, _checkout_page.validarPedidoSucesso)();",
              "err": {},
              "uuid": "b0e3d9fa-3849-46be-8632-bcb3e560e454",
              "parentUUID": "4e3da771-c85e-4d5c-b96f-ab72b3f970c1",
              "isHook": false,
              "skipped": false
            },
            {
              "title": "Checkout com sucesso usando directBankTransfer",
              "fullTitle": "Testes de Checkout Checkout com sucesso usando directBankTransfer",
              "timedOut": null,
              "duration": 3974,
              "state": "passed",
              "speed": "fast",
              "pass": true,
              "fail": false,
              "pending": false,
              "context": null,
              "code": "//Preencher as informações paga Pagamento e salvar\n(0, _checkout_page.preencherFirstName)(_faker.faker.person.firstName());\n(0, _checkout_page.preencherLastName)(_faker.faker.person.lastName());\n(0, _checkout_page.preencherCompany)(_faker.faker.company.name());\n(0, _checkout_page.preencherEmail)(_faker.faker.internet.email());\n(0, _checkout_page.selecionarCountry)(1);\n(0, _checkout_page.selecionarCity)(2);\n(0, _checkout_page.preencherZipCode)(_faker.faker.string.numeric(9));\n(0, _checkout_page.preencherFullAdress)(`${_faker.faker.location.street()}, ${_faker.faker.location.buildingNumber()}, ${_faker.faker.location.secondaryAddress()}`);\n(0, _checkout_page.preencherAdicionalNotes)(_faker.faker.lorem.lines({\n  min: 1,\n  max: 3\n}));\n(0, _checkout_page.marcarSalvarDados)();\n(0, _checkout_page.clicarSalvar)();\n//Escolher a opção de pagamento validar ela e finalizar pedido\n(0, _checkout_page.selecionarMetodoPagamento)(metodo);\n(0, _checkout_page.validarSelecaoMetodoPagamento)(metodo);\n(0, _checkout_page.placeOrder)();\n(0, _checkout_page.validarPedidoSucesso)();",
              "err": {},
              "uuid": "813641f1-a6bc-49aa-b762-6956d6640f31",
              "parentUUID": "4e3da771-c85e-4d5c-b96f-ab72b3f970c1",
              "isHook": false,
              "skipped": false
            }
          ],
          "suites": [],
          "passes": [
            "f1472bfd-d5fd-4cdc-a3f7-9d84221770f3",
            "b0e3d9fa-3849-46be-8632-bcb3e560e454",
            "813641f1-a6bc-49aa-b762-6956d6640f31"
          ],
          "failures": [],
          "pending": [],
          "skipped": [],
          "duration": 14198,
          "root": false,
          "rootEmpty": false,
          "_timeout": 2000
        }
      ],
      "passes": [],
      "failures": [],
      "pending": [],
      "skipped": [],
      "duration": 0,
      "root": true,
      "rootEmpty": true,
      "_timeout": 2000
    }
  ],
  "meta": {
    "mocha": {
      "version": "7.2.0"
    },
    "mochawesome": {
      "options": {
        "quiet": true,
        "reportFilename": "mochawesome",
        "saveHtml": false,
        "saveJson": true,
        "consoleReporter": "spec",
        "useInlineDiffs": false,
        "code": true
      },
      "version": "7.1.4"
    },
    "marge": {
      "options": {
        "reportDir": "cypress/reports",
        "overwrite": false,
        "html": false,
        "json": true,
        "quiet": true
      },
      "version": "6.3.2"
    }
  }
}