{
  "stats": {
    "suites": 1,
    "tests": 6,
    "passes": 6,
    "pending": 0,
    "failures": 0,
    "start": "2026-07-01T00:30:32.011Z",
    "end": "2026-07-01T00:30:38.159Z",
    "duration": 6148,
    "testsRegistered": 6,
    "passPercent": 100,
    "pendingPercent": 0,
    "other": 0,
    "hasOther": false,
    "skipped": 0,
    "hasSkipped": false
  },
  "results": [
    {
      "uuid": "f4ff395d-fec1-4311-883f-8b35e52ed3bf",
      "title": "",
      "fullFile": "cypress\\e2e\\Teste-login.cy.js",
      "file": "cypress\\e2e\\Teste-login.cy.js",
      "beforeHooks": [],
      "afterHooks": [],
      "tests": [],
      "suites": [
        {
          "uuid": "c9766bc9-1c81-4d6f-91e0-48bcd96c90c7",
          "title": "Testes de Login",
          "fullFile": "",
          "file": "",
          "beforeHooks": [],
          "afterHooks": [],
          "tests": [
            {
              "title": "Login com Sucesso",
              "fullTitle": "Testes de Login Login com Sucesso",
              "timedOut": null,
              "duration": 1520,
              "state": "passed",
              "speed": "fast",
              "pass": true,
              "fail": false,
              "pending": false,
              "context": null,
              "code": "(0, _login_page.preencherEmail)(_faker.faker.internet.email());\n(0, _login_page.preencherSenha)(_faker.faker.string.numeric(6));\n(0, _login_page.clicarLogin)();\n(0, _login_page.validarMensagem)('loginSucesso');",
              "err": {},
              "uuid": "3dcdd6f7-a43d-4599-801e-b9f986a6fea6",
              "parentUUID": "c9766bc9-1c81-4d6f-91e0-48bcd96c90c7",
              "isHook": false,
              "skipped": false
            },
            {
              "title": "Login com E-mail Inválido",
              "fullTitle": "Testes de Login Login com E-mail Inválido",
              "timedOut": null,
              "duration": 1009,
              "state": "passed",
              "speed": "fast",
              "pass": true,
              "fail": false,
              "pending": false,
              "context": null,
              "code": "(0, _login_page.preencherEmail)(_faker.faker.string.numeric(6));\n(0, _login_page.preencherSenha)(_faker.faker.string.numeric(6));\n(0, _login_page.clicarLogin)();\n(0, _login_page.validarMensagem)('emailInvalido');",
              "err": {},
              "uuid": "062de664-25db-4fab-950b-75cb424aca61",
              "parentUUID": "c9766bc9-1c81-4d6f-91e0-48bcd96c90c7",
              "isHook": false,
              "skipped": false
            },
            {
              "title": "Login com Senha Inválida",
              "fullTitle": "Testes de Login Login com Senha Inválida",
              "timedOut": null,
              "duration": 1161,
              "state": "passed",
              "speed": "fast",
              "pass": true,
              "fail": false,
              "pending": false,
              "context": null,
              "code": "(0, _login_page.preencherEmail)(_faker.faker.internet.email());\n(0, _login_page.preencherSenha)(_faker.faker.string.numeric(4));\n(0, _login_page.clicarLogin)();\n(0, _login_page.validarMensagem)('senhaInvalida');",
              "err": {},
              "uuid": "6c590798-9a3f-4207-aeae-4269fb4fbcf6",
              "parentUUID": "c9766bc9-1c81-4d6f-91e0-48bcd96c90c7",
              "isHook": false,
              "skipped": false
            },
            {
              "title": "Login com E-mail Vazio",
              "fullTitle": "Testes de Login Login com E-mail Vazio",
              "timedOut": null,
              "duration": 718,
              "state": "passed",
              "speed": "fast",
              "pass": true,
              "fail": false,
              "pending": false,
              "context": null,
              "code": "(0, _login_page.preencherSenha)(_faker.faker.string.numeric(6));\n(0, _login_page.clicarLogin)();\n(0, _login_page.validarMensagem)('emailInvalido');",
              "err": {},
              "uuid": "36d4eba2-a73d-48f1-9526-220fb719ad59",
              "parentUUID": "c9766bc9-1c81-4d6f-91e0-48bcd96c90c7",
              "isHook": false,
              "skipped": false
            },
            {
              "title": "Login com Senha Vazia",
              "fullTitle": "Testes de Login Login com Senha Vazia",
              "timedOut": null,
              "duration": 969,
              "state": "passed",
              "speed": "fast",
              "pass": true,
              "fail": false,
              "pending": false,
              "context": null,
              "code": "(0, _login_page.preencherEmail)(_faker.faker.internet.email());\n(0, _login_page.clicarLogin)();\n(0, _login_page.validarMensagem)('senhaInvalida');",
              "err": {},
              "uuid": "4202c673-fc21-4c36-b219-f302372c0cec",
              "parentUUID": "c9766bc9-1c81-4d6f-91e0-48bcd96c90c7",
              "isHook": false,
              "skipped": false
            },
            {
              "title": "Deve abrir a tela de cadastro",
              "fullTitle": "Testes de Login Deve abrir a tela de cadastro",
              "timedOut": null,
              "duration": 649,
              "state": "passed",
              "speed": "fast",
              "pass": true,
              "fail": false,
              "pending": false,
              "context": null,
              "code": "(0, _login_page.criarConta)();\n(0, _login_page.validarTelaCadastro)();",
              "err": {},
              "uuid": "9015282a-aaaf-42e8-9680-23b488cdfe47",
              "parentUUID": "c9766bc9-1c81-4d6f-91e0-48bcd96c90c7",
              "isHook": false,
              "skipped": false
            }
          ],
          "suites": [],
          "passes": [
            "3dcdd6f7-a43d-4599-801e-b9f986a6fea6",
            "062de664-25db-4fab-950b-75cb424aca61",
            "6c590798-9a3f-4207-aeae-4269fb4fbcf6",
            "36d4eba2-a73d-48f1-9526-220fb719ad59",
            "4202c673-fc21-4c36-b219-f302372c0cec",
            "9015282a-aaaf-42e8-9680-23b488cdfe47"
          ],
          "failures": [],
          "pending": [],
          "skipped": [],
          "duration": 6026,
          "root": false,
          "rootEmpty": false,
          "_timeout": 2000
        }
      ],
      "passes": [],
      "failures": [],
      "pending": [],
      "skipped": [],
      "duration": 0,
      "root": true,
      "rootEmpty": true,
      "_timeout": 2000
    }
  ],
  "meta": {
    "mocha": {
      "version": "7.2.0"
    },
    "mochawesome": {
      "options": {
        "quiet": true,
        "reportFilename": "mochawesome",
        "saveHtml": false,
        "saveJson": true,
        "consoleReporter": "spec",
        "useInlineDiffs": false,
        "code": true
      },
      "version": "7.1.4"
    },
    "marge": {
      "options": {
        "reportDir": "cypress/reports",
        "overwrite": false,
        "html": false,
        "json": true,
        "quiet": true
      },
      "version": "6.3.2"
    }
  }
}