{
  "stats": {
    "suites": 1,
    "tests": 7,
    "passes": 7,
    "pending": 0,
    "failures": 0,
    "start": "2026-07-01T00:01:50.621Z",
    "end": "2026-07-01T00:01:56.284Z",
    "duration": 5663,
    "testsRegistered": 7,
    "passPercent": 100,
    "pendingPercent": 0,
    "other": 0,
    "hasOther": false,
    "skipped": 0,
    "hasSkipped": false
  },
  "results": [
    {
      "uuid": "51f79426-d099-4f06-85ee-3f7d26aa5933",
      "title": "",
      "fullFile": "cypress\\e2e\\Comandos-basicos-do-cypress.cy.js",
      "file": "cypress\\e2e\\Comandos-basicos-do-cypress.cy.js",
      "beforeHooks": [],
      "afterHooks": [],
      "tests": [],
      "suites": [
        {
          "uuid": "3e2f2c68-ff3c-4db0-b40b-2970e8e40cb1",
          "title": "Comandos Básicos do Cypress",
          "fullFile": "",
          "file": "",
          "beforeHooks": [],
          "afterHooks": [],
          "tests": [
            {
              "title": "Abrir uma URL",
              "fullTitle": "Comandos Básicos do Cypress Abrir uma URL",
              "timedOut": null,
              "duration": 1069,
              "state": "passed",
              "speed": "fast",
              "pass": true,
              "fail": false,
              "pending": false,
              "context": null,
              "code": "cy.visit('https://automationpratice.com.br/login');",
              "err": {},
              "uuid": "eb249afc-2881-4095-b2bb-fa16639f6669",
              "parentUUID": "3e2f2c68-ff3c-4db0-b40b-2970e8e40cb1",
              "isHook": false,
              "skipped": false
            },
            {
              "title": "Encontrar Elementos",
              "fullTitle": "Comandos Básicos do Cypress Encontrar Elementos",
              "timedOut": null,
              "duration": 827,
              "state": "passed",
              "speed": "fast",
              "pass": true,
              "fail": false,
              "pending": false,
              "context": null,
              "code": "cy.visit('https://automationpratice.com.br/login');\n//get()\ncy.get('#user');\n//find() - Usa depois que diminui o escopo com o get()\ncy.get('.mc-form').find('.form-control');\ncy.get('.mc-form').find('.form-control').type('meu.emaul@teste.com.br{enter}'); //Assim ele já simula o click no enter do teclado\n//contais() - encontra um elemento pelo texto!\ncy.get('.mc-form').contains('Send');",
              "err": {},
              "uuid": "1e620679-42f5-4cd6-965c-e929e2aa18a7",
              "parentUUID": "3e2f2c68-ff3c-4db0-b40b-2970e8e40cb1",
              "isHook": false,
              "skipped": false
            },
            {
              "title": "Preencher um Campo",
              "fullTitle": "Comandos Básicos do Cypress Preencher um Campo",
              "timedOut": null,
              "duration": 887,
              "state": "passed",
              "speed": "fast",
              "pass": true,
              "fail": false,
              "pending": false,
              "context": null,
              "code": "cy.visit('https://automationpratice.com.br/login');\ncy.get('#user').type('teste@teste.com.br');\ncy.get('#password').type('123456');",
              "err": {},
              "uuid": "fdf4b3a6-020a-4232-88b5-dffd593d4a5a",
              "parentUUID": "3e2f2c68-ff3c-4db0-b40b-2970e8e40cb1",
              "isHook": false,
              "skipped": false
            },
            {
              "title": "Click no Elemento",
              "fullTitle": "Comandos Básicos do Cypress Click no Elemento",
              "timedOut": null,
              "duration": 648,
              "state": "passed",
              "speed": "fast",
              "pass": true,
              "fail": false,
              "pending": false,
              "context": null,
              "code": "cy.visit('https://automationpratice.com.br/login');\ncy.get('#btnLogin').click();\ncy.get('#btnLogin').click(10, 10); //Clica em uma coordenada especifica do elemento\ncy.get('#btnLogin').rightclick(); //Clica com o botão direito\ncy.get('#btnLogin').dblclick(); //Double click",
              "err": {},
              "uuid": "13aa0476-8c98-4ad2-b42d-bf6a2385c9d4",
              "parentUUID": "3e2f2c68-ff3c-4db0-b40b-2970e8e40cb1",
              "isHook": false,
              "skipped": false
            },
            {
              "title": "Select/Dropdown",
              "fullTitle": "Comandos Básicos do Cypress Select/Dropdown",
              "timedOut": null,
              "duration": 623,
              "state": "passed",
              "speed": "fast",
              "pass": true,
              "fail": false,
              "pending": false,
              "context": null,
              "code": "cy.visit('https://automationpratice.com.br/checkout-one');\ncy.get('#country').select(1); //Seleciona o primeiro elemento da caixa de seleção\ncy.get('#country').select(2); //Seleciona o segundo elemento da caixa de seleção",
              "err": {},
              "uuid": "91199092-92a4-4f14-b808-d4424a839309",
              "parentUUID": "3e2f2c68-ff3c-4db0-b40b-2970e8e40cb1",
              "isHook": false,
              "skipped": false
            },
            {
              "title": "Checkbox/Radio",
              "fullTitle": "Comandos Básicos do Cypress Checkbox/Radio",
              "timedOut": null,
              "duration": 509,
              "state": "passed",
              "speed": "fast",
              "pass": true,
              "fail": false,
              "pending": false,
              "context": null,
              "code": "cy.visit('https://automationpratice.com.br/checkout-one');\ncy.get('#materialUnchecked').check(); //Marca o item da Checkbox\ncy.get('#materialUnchecked').uncheck(); //Desmarca o Item da Checkbox",
              "err": {},
              "uuid": "dd0ab3b0-df5e-4541-a28f-60ba39c5f12e",
              "parentUUID": "3e2f2c68-ff3c-4db0-b40b-2970e8e40cb1",
              "isHook": false,
              "skipped": false
            },
            {
              "title": "Validar um Elemento",
              "fullTitle": "Comandos Básicos do Cypress Validar um Elemento",
              "timedOut": null,
              "duration": 969,
              "state": "passed",
              "speed": "fast",
              "pass": true,
              "fail": false,
              "pending": false,
              "context": null,
              "code": "cy.visit('https://automationpratice.com.br/login');\ncy.get('#user').type('teste@teste.com.br');\ncy.get('#password').type('123456');\ncy.get('#btnLogin').click();\ncy.get('#swal2-title').should('be.visible').should('have.text', 'Login realizado'); //Valida se o elemento está visível e se contém o texto esperado",
              "err": {},
              "uuid": "abf8d9c1-40f7-4a5d-811d-928064ab0d98",
              "parentUUID": "3e2f2c68-ff3c-4db0-b40b-2970e8e40cb1",
              "isHook": false,
              "skipped": false
            }
          ],
          "suites": [],
          "passes": [
            "eb249afc-2881-4095-b2bb-fa16639f6669",
            "1e620679-42f5-4cd6-965c-e929e2aa18a7",
            "fdf4b3a6-020a-4232-88b5-dffd593d4a5a",
            "13aa0476-8c98-4ad2-b42d-bf6a2385c9d4",
            "91199092-92a4-4f14-b808-d4424a839309",
            "dd0ab3b0-df5e-4541-a28f-60ba39c5f12e",
            "abf8d9c1-40f7-4a5d-811d-928064ab0d98"
          ],
          "failures": [],
          "pending": [],
          "skipped": [],
          "duration": 5532,
          "root": false,
          "rootEmpty": false,
          "_timeout": 2000
        }
      ],
      "passes": [],
      "failures": [],
      "pending": [],
      "skipped": [],
      "duration": 0,
      "root": true,
      "rootEmpty": true,
      "_timeout": 2000
    }
  ],
  "meta": {
    "mocha": {
      "version": "7.2.0"
    },
    "mochawesome": {
      "options": {
        "quiet": true,
        "reportFilename": "mochawesome",
        "saveHtml": false,
        "saveJson": true,
        "consoleReporter": "spec",
        "useInlineDiffs": false,
        "code": true
      },
      "version": "7.1.4"
    },
    "marge": {
      "options": {
        "reportDir": "cypress/reports",
        "overwrite": false,
        "html": false,
        "json": true,
        "quiet": true
      },
      "version": "6.3.2"
    }
  }
}