{
  "stats": {
    "suites": 1,
    "tests": 3,
    "passes": 3,
    "pending": 0,
    "failures": 0,
    "start": "2026-07-01T00:33:09.861Z",
    "end": "2026-07-01T00:33:23.097Z",
    "duration": 13236,
    "testsRegistered": 3,
    "passPercent": 100,
    "pendingPercent": 0,
    "other": 0,
    "hasOther": false,
    "skipped": 0,
    "hasSkipped": false
  },
  "results": [
    {
      "uuid": "e117801b-48a3-42c6-b59d-5f1c96e2baaf",
      "title": "",
      "fullFile": "cypress\\e2e\\Teste-checkout.cy.js",
      "file": "cypress\\e2e\\Teste-checkout.cy.js",
      "beforeHooks": [],
      "afterHooks": [],
      "tests": [],
      "suites": [
        {
          "uuid": "ef88b50b-38a3-4554-b508-d70b4bab7e43",
          "title": "Testes de Checkout",
          "fullFile": "",
          "file": "",
          "beforeHooks": [],
          "afterHooks": [],
          "tests": [
            {
              "title": "Checkout com sucesso usando paypal",
              "fullTitle": "Testes de Checkout Checkout com sucesso usando paypal",
              "timedOut": null,
              "duration": 4840,
              "state": "passed",
              "speed": "fast",
              "pass": true,
              "fail": false,
              "pending": false,
              "context": null,
              "code": "//Preencher as informações paga Pagamento e salvar\n(0, _checkout_page.preencherFirstName)(_faker.faker.person.firstName());\n(0, _checkout_page.preencherLastName)(_faker.faker.person.lastName());\n(0, _checkout_page.preencherCompany)(_faker.faker.company.name());\n(0, _checkout_page.preencherEmail)(_faker.faker.internet.email());\n(0, _checkout_page.selecionarCountry)(1);\n(0, _checkout_page.selecionarCity)(2);\n(0, _checkout_page.preencherZipCode)(_faker.faker.string.numeric(9));\n(0, _checkout_page.preencherFullAdress)(`${_faker.faker.location.street()}, ${_faker.faker.location.buildingNumber()}, ${_faker.faker.location.secondaryAddress()}`);\n(0, _checkout_page.preencherAdicionalNotes)(_faker.faker.lorem.lines({\n  min: 1,\n  max: 3\n}));\n(0, _checkout_page.marcarSalvarDados)();\n(0, _checkout_page.clicarSalvar)();\n//Escolher a opção de pagamento validar ela e finalizar pedido\n(0, _checkout_page.selecionarMetodoPagamento)(metodo);\n(0, _checkout_page.validarSelecaoMetodoPagamento)(metodo);\n(0, _checkout_page.placeOrder)();\n(0, _checkout_page.validarPedidoSucesso)();",
              "err": {},
              "uuid": "6c301cee-ab5f-4f39-aff0-801d923c97a8",
              "parentUUID": "ef88b50b-38a3-4554-b508-d70b4bab7e43",
              "isHook": false,
              "skipped": false
            },
            {
              "title": "Checkout com sucesso usando mobileBanking",
              "fullTitle": "Testes de Checkout Checkout com sucesso usando mobileBanking",
              "timedOut": null,
              "duration": 4048,
              "state": "passed",
              "speed": "fast",
              "pass": true,
              "fail": false,
              "pending": false,
              "context": null,
              "code": "//Preencher as informações paga Pagamento e salvar\n(0, _checkout_page.preencherFirstName)(_faker.faker.person.firstName());\n(0, _checkout_page.preencherLastName)(_faker.faker.person.lastName());\n(0, _checkout_page.preencherCompany)(_faker.faker.company.name());\n(0, _checkout_page.preencherEmail)(_faker.faker.internet.email());\n(0, _checkout_page.selecionarCountry)(1);\n(0, _checkout_page.selecionarCity)(2);\n(0, _checkout_page.preencherZipCode)(_faker.faker.string.numeric(9));\n(0, _checkout_page.preencherFullAdress)(`${_faker.faker.location.street()}, ${_faker.faker.location.buildingNumber()}, ${_faker.faker.location.secondaryAddress()}`);\n(0, _checkout_page.preencherAdicionalNotes)(_faker.faker.lorem.lines({\n  min: 1,\n  max: 3\n}));\n(0, _checkout_page.marcarSalvarDados)();\n(0, _checkout_page.clicarSalvar)();\n//Escolher a opção de pagamento validar ela e finalizar pedido\n(0, _checkout_page.selecionarMetodoPagamento)(metodo);\n(0, _checkout_page.validarSelecaoMetodoPagamento)(metodo);\n(0, _checkout_page.placeOrder)();\n(0, _checkout_page.validarPedidoSucesso)();",
              "err": {},
              "uuid": "a4c7b308-3024-4e3c-81dd-53e0c88cfac8",
              "parentUUID": "ef88b50b-38a3-4554-b508-d70b4bab7e43",
              "isHook": false,
              "skipped": false
            },
            {
              "title": "Checkout com sucesso usando directBankTransfer",
              "fullTitle": "Testes de Checkout Checkout com sucesso usando directBankTransfer",
              "timedOut": null,
              "duration": 4282,
              "state": "passed",
              "speed": "fast",
              "pass": true,
              "fail": false,
              "pending": false,
              "context": null,
              "code": "//Preencher as informações paga Pagamento e salvar\n(0, _checkout_page.preencherFirstName)(_faker.faker.person.firstName());\n(0, _checkout_page.preencherLastName)(_faker.faker.person.lastName());\n(0, _checkout_page.preencherCompany)(_faker.faker.company.name());\n(0, _checkout_page.preencherEmail)(_faker.faker.internet.email());\n(0, _checkout_page.selecionarCountry)(1);\n(0, _checkout_page.selecionarCity)(2);\n(0, _checkout_page.preencherZipCode)(_faker.faker.string.numeric(9));\n(0, _checkout_page.preencherFullAdress)(`${_faker.faker.location.street()}, ${_faker.faker.location.buildingNumber()}, ${_faker.faker.location.secondaryAddress()}`);\n(0, _checkout_page.preencherAdicionalNotes)(_faker.faker.lorem.lines({\n  min: 1,\n  max: 3\n}));\n(0, _checkout_page.marcarSalvarDados)();\n(0, _checkout_page.clicarSalvar)();\n//Escolher a opção de pagamento validar ela e finalizar pedido\n(0, _checkout_page.selecionarMetodoPagamento)(metodo);\n(0, _checkout_page.validarSelecaoMetodoPagamento)(metodo);\n(0, _checkout_page.placeOrder)();\n(0, _checkout_page.validarPedidoSucesso)();",
              "err": {},
              "uuid": "f6eff552-bb60-4639-83df-d1977d9d02f3",
              "parentUUID": "ef88b50b-38a3-4554-b508-d70b4bab7e43",
              "isHook": false,
              "skipped": false
            }
          ],
          "suites": [],
          "passes": [
            "6c301cee-ab5f-4f39-aff0-801d923c97a8",
            "a4c7b308-3024-4e3c-81dd-53e0c88cfac8",
            "f6eff552-bb60-4639-83df-d1977d9d02f3"
          ],
          "failures": [],
          "pending": [],
          "skipped": [],
          "duration": 13170,
          "root": false,
          "rootEmpty": false,
          "_timeout": 2000
        }
      ],
      "passes": [],
      "failures": [],
      "pending": [],
      "skipped": [],
      "duration": 0,
      "root": true,
      "rootEmpty": true,
      "_timeout": 2000
    }
  ],
  "meta": {
    "mocha": {
      "version": "7.2.0"
    },
    "mochawesome": {
      "options": {
        "quiet": true,
        "reportFilename": "mochawesome",
        "saveHtml": false,
        "saveJson": true,
        "consoleReporter": "spec",
        "useInlineDiffs": false,
        "code": true
      },
      "version": "7.1.4"
    },
    "marge": {
      "options": {
        "reportDir": "cypress/reports",
        "overwrite": false,
        "html": false,
        "json": true,
        "quiet": true
      },
      "version": "6.3.2"
    }
  }
}