{
  "stats": {
    "suites": 1,
    "tests": 7,
    "passes": 7,
    "pending": 0,
    "failures": 0,
    "start": "2026-07-01T00:24:14.416Z",
    "end": "2026-07-01T00:24:19.911Z",
    "duration": 5495,
    "testsRegistered": 7,
    "passPercent": 100,
    "pendingPercent": 0,
    "other": 0,
    "hasOther": false,
    "skipped": 0,
    "hasSkipped": false
  },
  "results": [
    {
      "uuid": "42126df8-c670-4cd3-91b6-cff025ae3680",
      "title": "",
      "fullFile": "cypress\\e2e\\Comandos-basicos-do-cypress.cy.js",
      "file": "cypress\\e2e\\Comandos-basicos-do-cypress.cy.js",
      "beforeHooks": [],
      "afterHooks": [],
      "tests": [],
      "suites": [
        {
          "uuid": "5c290ce8-3f92-40bb-8a5e-5f42226fd916",
          "title": "Comandos Básicos do Cypress",
          "fullFile": "",
          "file": "",
          "beforeHooks": [],
          "afterHooks": [],
          "tests": [
            {
              "title": "Abrir uma URL",
              "fullTitle": "Comandos Básicos do Cypress Abrir uma URL",
              "timedOut": null,
              "duration": 905,
              "state": "passed",
              "speed": "fast",
              "pass": true,
              "fail": false,
              "pending": false,
              "context": null,
              "code": "cy.visit('https://automationpratice.com.br/login');",
              "err": {},
              "uuid": "55ae41d3-c239-45e0-a77d-e1e9a56968ee",
              "parentUUID": "5c290ce8-3f92-40bb-8a5e-5f42226fd916",
              "isHook": false,
              "skipped": false
            },
            {
              "title": "Encontrar Elementos",
              "fullTitle": "Comandos Básicos do Cypress Encontrar Elementos",
              "timedOut": null,
              "duration": 799,
              "state": "passed",
              "speed": "fast",
              "pass": true,
              "fail": false,
              "pending": false,
              "context": null,
              "code": "cy.visit('https://automationpratice.com.br/login');\n//get()\ncy.get('#user');\n//find() - Usa depois que diminui o escopo com o get()\ncy.get('.mc-form').find('.form-control');\ncy.get('.mc-form').find('.form-control').type('meu.emaul@teste.com.br{enter}'); //Assim ele já simula o click no enter do teclado\n//contais() - encontra um elemento pelo texto!\ncy.get('.mc-form').contains('Send');",
              "err": {},
              "uuid": "b1bf0c24-baa2-4ac8-b7a9-df2a33ada1b1",
              "parentUUID": "5c290ce8-3f92-40bb-8a5e-5f42226fd916",
              "isHook": false,
              "skipped": false
            },
            {
              "title": "Preencher um Campo",
              "fullTitle": "Comandos Básicos do Cypress Preencher um Campo",
              "timedOut": null,
              "duration": 892,
              "state": "passed",
              "speed": "fast",
              "pass": true,
              "fail": false,
              "pending": false,
              "context": null,
              "code": "cy.visit('https://automationpratice.com.br/login');\ncy.get('#user').type('teste@teste.com.br');\ncy.get('#password').type('123456');",
              "err": {},
              "uuid": "57e5f290-c0d8-431e-974e-9ded44279f7a",
              "parentUUID": "5c290ce8-3f92-40bb-8a5e-5f42226fd916",
              "isHook": false,
              "skipped": false
            },
            {
              "title": "Click no Elemento",
              "fullTitle": "Comandos Básicos do Cypress Click no Elemento",
              "timedOut": null,
              "duration": 670,
              "state": "passed",
              "speed": "fast",
              "pass": true,
              "fail": false,
              "pending": false,
              "context": null,
              "code": "cy.visit('https://automationpratice.com.br/login');\ncy.get('#btnLogin').click();\ncy.get('#btnLogin').click(10, 10); //Clica em uma coordenada especifica do elemento\ncy.get('#btnLogin').rightclick(); //Clica com o botão direito\ncy.get('#btnLogin').dblclick(); //Double click",
              "err": {},
              "uuid": "52635008-0468-452e-9690-eb69ed3c5803",
              "parentUUID": "5c290ce8-3f92-40bb-8a5e-5f42226fd916",
              "isHook": false,
              "skipped": false
            },
            {
              "title": "Select/Dropdown",
              "fullTitle": "Comandos Básicos do Cypress Select/Dropdown",
              "timedOut": null,
              "duration": 626,
              "state": "passed",
              "speed": "fast",
              "pass": true,
              "fail": false,
              "pending": false,
              "context": null,
              "code": "cy.visit('https://automationpratice.com.br/checkout-one');\ncy.get('#country').select(1); //Seleciona o primeiro elemento da caixa de seleção\ncy.get('#country').select(2); //Seleciona o segundo elemento da caixa de seleção",
              "err": {},
              "uuid": "f0cb9269-34fb-46f4-b338-9c70b6d80eef",
              "parentUUID": "5c290ce8-3f92-40bb-8a5e-5f42226fd916",
              "isHook": false,
              "skipped": false
            },
            {
              "title": "Checkbox/Radio",
              "fullTitle": "Comandos Básicos do Cypress Checkbox/Radio",
              "timedOut": null,
              "duration": 508,
              "state": "passed",
              "speed": "fast",
              "pass": true,
              "fail": false,
              "pending": false,
              "context": null,
              "code": "cy.visit('https://automationpratice.com.br/checkout-one');\ncy.get('#materialUnchecked').check(); //Marca o item da Checkbox\ncy.get('#materialUnchecked').uncheck(); //Desmarca o Item da Checkbox",
              "err": {},
              "uuid": "1d556ecb-3745-442a-af79-6c6c64ddcab1",
              "parentUUID": "5c290ce8-3f92-40bb-8a5e-5f42226fd916",
              "isHook": false,
              "skipped": false
            },
            {
              "title": "Validar um Elemento",
              "fullTitle": "Comandos Básicos do Cypress Validar um Elemento",
              "timedOut": null,
              "duration": 971,
              "state": "passed",
              "speed": "fast",
              "pass": true,
              "fail": false,
              "pending": false,
              "context": null,
              "code": "cy.visit('https://automationpratice.com.br/login');\ncy.get('#user').type('teste@teste.com.br');\ncy.get('#password').type('123456');\ncy.get('#btnLogin').click();\ncy.get('#swal2-title').should('be.visible').should('have.text', 'Login realizado'); //Valida se o elemento está visível e se contém o texto esperado",
              "err": {},
              "uuid": "99cc02e7-60b3-45be-9d25-aa8dec491772",
              "parentUUID": "5c290ce8-3f92-40bb-8a5e-5f42226fd916",
              "isHook": false,
              "skipped": false
            }
          ],
          "suites": [],
          "passes": [
            "55ae41d3-c239-45e0-a77d-e1e9a56968ee",
            "b1bf0c24-baa2-4ac8-b7a9-df2a33ada1b1",
            "57e5f290-c0d8-431e-974e-9ded44279f7a",
            "52635008-0468-452e-9690-eb69ed3c5803",
            "f0cb9269-34fb-46f4-b338-9c70b6d80eef",
            "1d556ecb-3745-442a-af79-6c6c64ddcab1",
            "99cc02e7-60b3-45be-9d25-aa8dec491772"
          ],
          "failures": [],
          "pending": [],
          "skipped": [],
          "duration": 5371,
          "root": false,
          "rootEmpty": false,
          "_timeout": 2000
        }
      ],
      "passes": [],
      "failures": [],
      "pending": [],
      "skipped": [],
      "duration": 0,
      "root": true,
      "rootEmpty": true,
      "_timeout": 2000
    }
  ],
  "meta": {
    "mocha": {
      "version": "7.2.0"
    },
    "mochawesome": {
      "options": {
        "quiet": true,
        "reportFilename": "mochawesome",
        "saveHtml": false,
        "saveJson": true,
        "consoleReporter": "spec",
        "useInlineDiffs": false,
        "code": true
      },
      "version": "7.1.4"
    },
    "marge": {
      "options": {
        "reportDir": "cypress/reports",
        "overwrite": false,
        "html": false,
        "json": true,
        "quiet": true
      },
      "version": "6.3.2"
    }
  }
}