{
  "stats": {
    "suites": 1,
    "tests": 6,
    "passes": 6,
    "pending": 0,
    "failures": 0,
    "start": "2026-07-01T00:32:36.272Z",
    "end": "2026-07-01T00:32:42.440Z",
    "duration": 6168,
    "testsRegistered": 6,
    "passPercent": 100,
    "pendingPercent": 0,
    "other": 0,
    "hasOther": false,
    "skipped": 0,
    "hasSkipped": false
  },
  "results": [
    {
      "uuid": "fc209ecf-5bee-4e8f-b42c-e80a4eabacd9",
      "title": "",
      "fullFile": "cypress\\e2e\\Teste-login.cy.js",
      "file": "cypress\\e2e\\Teste-login.cy.js",
      "beforeHooks": [],
      "afterHooks": [],
      "tests": [],
      "suites": [
        {
          "uuid": "178d11ca-30e8-44c4-b192-75dbccb4de80",
          "title": "Testes de Login",
          "fullFile": "",
          "file": "",
          "beforeHooks": [],
          "afterHooks": [],
          "tests": [
            {
              "title": "Login com Sucesso",
              "fullTitle": "Testes de Login Login com Sucesso",
              "timedOut": null,
              "duration": 1569,
              "state": "passed",
              "speed": "fast",
              "pass": true,
              "fail": false,
              "pending": false,
              "context": null,
              "code": "(0, _login_page.preencherEmail)(_faker.faker.internet.email());\n(0, _login_page.preencherSenha)(_faker.faker.string.numeric(6));\n(0, _login_page.clicarLogin)();\n(0, _login_page.validarMensagem)('loginSucesso');",
              "err": {},
              "uuid": "51964bec-5c13-45cb-96ea-4ab1817c5606",
              "parentUUID": "178d11ca-30e8-44c4-b192-75dbccb4de80",
              "isHook": false,
              "skipped": false
            },
            {
              "title": "Login com E-mail Inválido",
              "fullTitle": "Testes de Login Login com E-mail Inválido",
              "timedOut": null,
              "duration": 1026,
              "state": "passed",
              "speed": "fast",
              "pass": true,
              "fail": false,
              "pending": false,
              "context": null,
              "code": "(0, _login_page.preencherEmail)(_faker.faker.string.numeric(6));\n(0, _login_page.preencherSenha)(_faker.faker.string.numeric(6));\n(0, _login_page.clicarLogin)();\n(0, _login_page.validarMensagem)('emailInvalido');",
              "err": {},
              "uuid": "4167dbd0-9d7c-4d2e-b0f4-da0dc9cb4210",
              "parentUUID": "178d11ca-30e8-44c4-b192-75dbccb4de80",
              "isHook": false,
              "skipped": false
            },
            {
              "title": "Login com Senha Inválida",
              "fullTitle": "Testes de Login Login com Senha Inválida",
              "timedOut": null,
              "duration": 1212,
              "state": "passed",
              "speed": "fast",
              "pass": true,
              "fail": false,
              "pending": false,
              "context": null,
              "code": "(0, _login_page.preencherEmail)(_faker.faker.internet.email());\n(0, _login_page.preencherSenha)(_faker.faker.string.numeric(4));\n(0, _login_page.clicarLogin)();\n(0, _login_page.validarMensagem)('senhaInvalida');",
              "err": {},
              "uuid": "5c1d48ee-50ca-42cc-8a36-0204088bb849",
              "parentUUID": "178d11ca-30e8-44c4-b192-75dbccb4de80",
              "isHook": false,
              "skipped": false
            },
            {
              "title": "Login com E-mail Vazio",
              "fullTitle": "Testes de Login Login com E-mail Vazio",
              "timedOut": null,
              "duration": 726,
              "state": "passed",
              "speed": "fast",
              "pass": true,
              "fail": false,
              "pending": false,
              "context": null,
              "code": "(0, _login_page.preencherSenha)(_faker.faker.string.numeric(6));\n(0, _login_page.clicarLogin)();\n(0, _login_page.validarMensagem)('emailInvalido');",
              "err": {},
              "uuid": "25da34a6-70e2-4efa-9a3d-8ee0397a41cd",
              "parentUUID": "178d11ca-30e8-44c4-b192-75dbccb4de80",
              "isHook": false,
              "skipped": false
            },
            {
              "title": "Login com Senha Vazia",
              "fullTitle": "Testes de Login Login com Senha Vazia",
              "timedOut": null,
              "duration": 857,
              "state": "passed",
              "speed": "fast",
              "pass": true,
              "fail": false,
              "pending": false,
              "context": null,
              "code": "(0, _login_page.preencherEmail)(_faker.faker.internet.email());\n(0, _login_page.clicarLogin)();\n(0, _login_page.validarMensagem)('senhaInvalida');",
              "err": {},
              "uuid": "a521b7cc-4742-45e4-82b4-ebbbcd15d890",
              "parentUUID": "178d11ca-30e8-44c4-b192-75dbccb4de80",
              "isHook": false,
              "skipped": false
            },
            {
              "title": "Deve abrir a tela de cadastro",
              "fullTitle": "Testes de Login Deve abrir a tela de cadastro",
              "timedOut": null,
              "duration": 663,
              "state": "passed",
              "speed": "fast",
              "pass": true,
              "fail": false,
              "pending": false,
              "context": null,
              "code": "(0, _login_page.criarConta)();\n(0, _login_page.validarTelaCadastro)();",
              "err": {},
              "uuid": "0d39dbef-b474-417a-a927-248d6e3b531a",
              "parentUUID": "178d11ca-30e8-44c4-b192-75dbccb4de80",
              "isHook": false,
              "skipped": false
            }
          ],
          "suites": [],
          "passes": [
            "51964bec-5c13-45cb-96ea-4ab1817c5606",
            "4167dbd0-9d7c-4d2e-b0f4-da0dc9cb4210",
            "5c1d48ee-50ca-42cc-8a36-0204088bb849",
            "25da34a6-70e2-4efa-9a3d-8ee0397a41cd",
            "a521b7cc-4742-45e4-82b4-ebbbcd15d890",
            "0d39dbef-b474-417a-a927-248d6e3b531a"
          ],
          "failures": [],
          "pending": [],
          "skipped": [],
          "duration": 6053,
          "root": false,
          "rootEmpty": false,
          "_timeout": 2000
        }
      ],
      "passes": [],
      "failures": [],
      "pending": [],
      "skipped": [],
      "duration": 0,
      "root": true,
      "rootEmpty": true,
      "_timeout": 2000
    }
  ],
  "meta": {
    "mocha": {
      "version": "7.2.0"
    },
    "mochawesome": {
      "options": {
        "quiet": true,
        "reportFilename": "mochawesome",
        "saveHtml": false,
        "saveJson": true,
        "consoleReporter": "spec",
        "useInlineDiffs": false,
        "code": true
      },
      "version": "7.1.4"
    },
    "marge": {
      "options": {
        "reportDir": "cypress/reports",
        "overwrite": false,
        "html": false,
        "json": true,
        "quiet": true
      },
      "version": "6.3.2"
    }
  }
}