{
  "stats": {
    "suites": 8,
    "tests": 40,
    "passes": 40,
    "pending": 0,
    "failures": 0,
    "testsRegistered": 40,
    "passPercent": 100,
    "pendingPercent": 0,
    "other": 0,
    "hasOther": false,
    "skipped": 0,
    "hasSkipped": false,
    "start": "2026-07-01T00:01:50.621Z",
    "end": "2026-07-01T00:24:51.145Z",
    "duration": 1380524
  },
  "results": [
    {
      "uuid": "9c848710-0a1e-4573-92b7-9a6468e9748a",
      "title": "",
      "fullFile": "cypress\\e2e\\Teste-cadastro.cy.js",
      "file": "cypress\\e2e\\Teste-cadastro.cy.js",
      "beforeHooks": [],
      "afterHooks": [],
      "tests": [],
      "suites": [
        {
          "uuid": "688b58b3-85e3-4e64-bd71-deb5d814176e",
          "title": "Testes de Cadastro",
          "fullFile": "",
          "file": "",
          "beforeHooks": [],
          "afterHooks": [],
          "tests": [
            {
              "title": "Cadastro com Sucesso",
              "fullTitle": "Testes de Cadastro Cadastro com Sucesso",
              "timedOut": null,
              "duration": 1759,
              "state": "passed",
              "speed": "fast",
              "pass": true,
              "fail": false,
              "pending": false,
              "context": null,
              "code": "(0, _cadastro_usuario_page.preencherNome)(_faker.faker.person.firstName());\n(0, _cadastro_usuario_page.preencherEmail)(_faker.faker.internet.email());\n(0, _cadastro_usuario_page.preencherSenha)(_faker.faker.string.numeric(6));\n(0, _cadastro_usuario_page.cadastrar)();\n(0, _cadastro_usuario_page.validarCadastroSucesso)();",
              "err": {},
              "uuid": "319b5b46-ea3c-4415-a1c7-cb0b6f73bf19",
              "parentUUID": "688b58b3-85e3-4e64-bd71-deb5d814176e",
              "isHook": false,
              "skipped": false
            },
            {
              "title": "Cadastro com Usuário em Branco",
              "fullTitle": "Testes de Cadastro Cadastro com Usuário em Branco",
              "timedOut": null,
              "duration": 1186,
              "state": "passed",
              "speed": "fast",
              "pass": true,
              "fail": false,
              "pending": false,
              "context": null,
              "code": "(0, _cadastro_usuario_page.preencherEmail)(_faker.faker.internet.email());\n(0, _cadastro_usuario_page.preencherSenha)(_faker.faker.string.numeric(6));\n(0, _cadastro_usuario_page.cadastrar)();\n(0, _cadastro_usuario_page.validarCadastroErro)('#errorMessageFirstName', 'O campo nome deve ser prenchido');",
              "err": {},
              "uuid": "ec6d3b80-ef2b-46d1-9a9f-8a31a7ffc116",
              "parentUUID": "688b58b3-85e3-4e64-bd71-deb5d814176e",
              "isHook": false,
              "skipped": false
            },
            {
              "title": "Cadastro com E-mail em Branco",
              "fullTitle": "Testes de Cadastro Cadastro com E-mail em Branco",
              "timedOut": null,
              "duration": 983,
              "state": "passed",
              "speed": "fast",
              "pass": true,
              "fail": false,
              "pending": false,
              "context": null,
              "code": "(0, _cadastro_usuario_page.preencherNome)(_faker.faker.person.firstName());\n(0, _cadastro_usuario_page.preencherSenha)(_faker.faker.string.numeric(6));\n(0, _cadastro_usuario_page.cadastrar)();\n(0, _cadastro_usuario_page.validarCadastroErro)('#errorMessageFirstName', 'O campo e-mail deve ser prenchido corretamente');",
              "err": {},
              "uuid": "b2d8473b-299a-442b-b379-7f161a29123d",
              "parentUUID": "688b58b3-85e3-4e64-bd71-deb5d814176e",
              "isHook": false,
              "skipped": false
            },
            {
              "title": "Cadastro com Senha em Branco",
              "fullTitle": "Testes de Cadastro Cadastro com Senha em Branco",
              "timedOut": null,
              "duration": 1177,
              "state": "passed",
              "speed": "fast",
              "pass": true,
              "fail": false,
              "pending": false,
              "context": null,
              "code": "(0, _cadastro_usuario_page.preencherNome)(_faker.faker.person.firstName());\n(0, _cadastro_usuario_page.preencherEmail)(_faker.faker.internet.email());\n(0, _cadastro_usuario_page.cadastrar)();\n(0, _cadastro_usuario_page.validarCadastroErro)('#errorMessageFirstName', 'O campo senha deve ter pelo menos 6 dígitos');",
              "err": {},
              "uuid": "f8203070-8799-4a2e-9140-cdbdd4da16d0",
              "parentUUID": "688b58b3-85e3-4e64-bd71-deb5d814176e",
              "isHook": false,
              "skipped": false
            }
          ],
          "suites": [],
          "passes": [
            "319b5b46-ea3c-4415-a1c7-cb0b6f73bf19",
            "ec6d3b80-ef2b-46d1-9a9f-8a31a7ffc116",
            "b2d8473b-299a-442b-b379-7f161a29123d",
            "f8203070-8799-4a2e-9140-cdbdd4da16d0"
          ],
          "failures": [],
          "pending": [],
          "skipped": [],
          "duration": 5105,
          "root": false,
          "rootEmpty": false,
          "_timeout": 2000
        }
      ],
      "passes": [],
      "failures": [],
      "pending": [],
      "skipped": [],
      "duration": 0,
      "root": true,
      "rootEmpty": true,
      "_timeout": 2000
    },
    {
      "uuid": "d95c8f99-8ef5-40f3-b57a-40c3153398fa",
      "title": "",
      "fullFile": "cypress\\e2e\\Teste-checkout.cy.js",
      "file": "cypress\\e2e\\Teste-checkout.cy.js",
      "beforeHooks": [],
      "afterHooks": [],
      "tests": [],
      "suites": [
        {
          "uuid": "9309df6c-1241-4d39-9f02-aadf480e3bc9",
          "title": "Testes de Checkout",
          "fullFile": "",
          "file": "",
          "beforeHooks": [],
          "afterHooks": [],
          "tests": [
            {
              "title": "Checkout com sucesso usando paypal",
              "fullTitle": "Testes de Checkout Checkout com sucesso usando paypal",
              "timedOut": null,
              "duration": 4646,
              "state": "passed",
              "speed": "fast",
              "pass": true,
              "fail": false,
              "pending": false,
              "context": null,
              "code": "//Preencher as informações paga Pagamento e salvar\n(0, _checkout_page.preencherFirstName)(_faker.faker.person.firstName());\n(0, _checkout_page.preencherLastName)(_faker.faker.person.lastName());\n(0, _checkout_page.preencherCompany)(_faker.faker.company.name());\n(0, _checkout_page.preencherEmail)(_faker.faker.internet.email());\n(0, _checkout_page.selecionarCountry)(1);\n(0, _checkout_page.selecionarCity)(2);\n(0, _checkout_page.preencherZipCode)(_faker.faker.string.numeric(9));\n(0, _checkout_page.preencherFullAdress)(`${_faker.faker.location.street()}, ${_faker.faker.location.buildingNumber()}, ${_faker.faker.location.secondaryAddress()}`);\n(0, _checkout_page.preencherAdicionalNotes)(_faker.faker.lorem.lines({\n  min: 1,\n  max: 3\n}));\n(0, _checkout_page.marcarSalvarDados)();\n(0, _checkout_page.clicarSalvar)();\n//Escolher a opção de pagamento validar ela e finalizar pedido\n(0, _checkout_page.selecionarMetodoPagamento)(metodo);\n(0, _checkout_page.validarSelecaoMetodoPagamento)(metodo);\n(0, _checkout_page.placeOrder)();\n(0, _checkout_page.validarPedidoSucesso)();",
              "err": {},
              "uuid": "c8f0d2a7-33e8-464f-bc4c-fd01d04c7a6a",
              "parentUUID": "9309df6c-1241-4d39-9f02-aadf480e3bc9",
              "isHook": false,
              "skipped": false
            },
            {
              "title": "Checkout com sucesso usando mobileBanking",
              "fullTitle": "Testes de Checkout Checkout com sucesso usando mobileBanking",
              "timedOut": null,
              "duration": 4207,
              "state": "passed",
              "speed": "fast",
              "pass": true,
              "fail": false,
              "pending": false,
              "context": null,
              "code": "//Preencher as informações paga Pagamento e salvar\n(0, _checkout_page.preencherFirstName)(_faker.faker.person.firstName());\n(0, _checkout_page.preencherLastName)(_faker.faker.person.lastName());\n(0, _checkout_page.preencherCompany)(_faker.faker.company.name());\n(0, _checkout_page.preencherEmail)(_faker.faker.internet.email());\n(0, _checkout_page.selecionarCountry)(1);\n(0, _checkout_page.selecionarCity)(2);\n(0, _checkout_page.preencherZipCode)(_faker.faker.string.numeric(9));\n(0, _checkout_page.preencherFullAdress)(`${_faker.faker.location.street()}, ${_faker.faker.location.buildingNumber()}, ${_faker.faker.location.secondaryAddress()}`);\n(0, _checkout_page.preencherAdicionalNotes)(_faker.faker.lorem.lines({\n  min: 1,\n  max: 3\n}));\n(0, _checkout_page.marcarSalvarDados)();\n(0, _checkout_page.clicarSalvar)();\n//Escolher a opção de pagamento validar ela e finalizar pedido\n(0, _checkout_page.selecionarMetodoPagamento)(metodo);\n(0, _checkout_page.validarSelecaoMetodoPagamento)(metodo);\n(0, _checkout_page.placeOrder)();\n(0, _checkout_page.validarPedidoSucesso)();",
              "err": {},
              "uuid": "d6dcc9b7-f9d8-45f5-8cc8-6a7f22658a56",
              "parentUUID": "9309df6c-1241-4d39-9f02-aadf480e3bc9",
              "isHook": false,
              "skipped": false
            },
            {
              "title": "Checkout com sucesso usando directBankTransfer",
              "fullTitle": "Testes de Checkout Checkout com sucesso usando directBankTransfer",
              "timedOut": null,
              "duration": 4711,
              "state": "passed",
              "speed": "fast",
              "pass": true,
              "fail": false,
              "pending": false,
              "context": null,
              "code": "//Preencher as informações paga Pagamento e salvar\n(0, _checkout_page.preencherFirstName)(_faker.faker.person.firstName());\n(0, _checkout_page.preencherLastName)(_faker.faker.person.lastName());\n(0, _checkout_page.preencherCompany)(_faker.faker.company.name());\n(0, _checkout_page.preencherEmail)(_faker.faker.internet.email());\n(0, _checkout_page.selecionarCountry)(1);\n(0, _checkout_page.selecionarCity)(2);\n(0, _checkout_page.preencherZipCode)(_faker.faker.string.numeric(9));\n(0, _checkout_page.preencherFullAdress)(`${_faker.faker.location.street()}, ${_faker.faker.location.buildingNumber()}, ${_faker.faker.location.secondaryAddress()}`);\n(0, _checkout_page.preencherAdicionalNotes)(_faker.faker.lorem.lines({\n  min: 1,\n  max: 3\n}));\n(0, _checkout_page.marcarSalvarDados)();\n(0, _checkout_page.clicarSalvar)();\n//Escolher a opção de pagamento validar ela e finalizar pedido\n(0, _checkout_page.selecionarMetodoPagamento)(metodo);\n(0, _checkout_page.validarSelecaoMetodoPagamento)(metodo);\n(0, _checkout_page.placeOrder)();\n(0, _checkout_page.validarPedidoSucesso)();",
              "err": {},
              "uuid": "35c41300-6334-46ef-be1a-8401db993219",
              "parentUUID": "9309df6c-1241-4d39-9f02-aadf480e3bc9",
              "isHook": false,
              "skipped": false
            }
          ],
          "suites": [],
          "passes": [
            "c8f0d2a7-33e8-464f-bc4c-fd01d04c7a6a",
            "d6dcc9b7-f9d8-45f5-8cc8-6a7f22658a56",
            "35c41300-6334-46ef-be1a-8401db993219"
          ],
          "failures": [],
          "pending": [],
          "skipped": [],
          "duration": 13564,
          "root": false,
          "rootEmpty": false,
          "_timeout": 2000
        }
      ],
      "passes": [],
      "failures": [],
      "pending": [],
      "skipped": [],
      "duration": 0,
      "root": true,
      "rootEmpty": true,
      "_timeout": 2000
    },
    {
      "uuid": "c8bc8753-53b8-464a-afef-b238ba5ae46d",
      "title": "",
      "fullFile": "cypress\\e2e\\Teste-login.cy.js",
      "file": "cypress\\e2e\\Teste-login.cy.js",
      "beforeHooks": [],
      "afterHooks": [],
      "tests": [],
      "suites": [
        {
          "uuid": "3441585e-fc27-4ae0-9883-f6d26e870ea4",
          "title": "Testes de Login",
          "fullFile": "",
          "file": "",
          "beforeHooks": [],
          "afterHooks": [],
          "tests": [
            {
              "title": "Login com Sucesso",
              "fullTitle": "Testes de Login Login com Sucesso",
              "timedOut": null,
              "duration": 1414,
              "state": "passed",
              "speed": "fast",
              "pass": true,
              "fail": false,
              "pending": false,
              "context": null,
              "code": "(0, _login_page.preencherEmail)(_faker.faker.internet.email());\n(0, _login_page.preencherSenha)(_faker.faker.string.numeric(6));\n(0, _login_page.clicarLogin)();\n(0, _login_page.validarMensagem)('loginSucesso');",
              "err": {},
              "uuid": "f3500f5f-9b36-4666-8489-38a21b91af3a",
              "parentUUID": "3441585e-fc27-4ae0-9883-f6d26e870ea4",
              "isHook": false,
              "skipped": false
            },
            {
              "title": "Login com E-mail Inválido",
              "fullTitle": "Testes de Login Login com E-mail Inválido",
              "timedOut": null,
              "duration": 1005,
              "state": "passed",
              "speed": "fast",
              "pass": true,
              "fail": false,
              "pending": false,
              "context": null,
              "code": "(0, _login_page.preencherEmail)(_faker.faker.string.numeric(6));\n(0, _login_page.preencherSenha)(_faker.faker.string.numeric(6));\n(0, _login_page.clicarLogin)();\n(0, _login_page.validarMensagem)('emailInvalido');",
              "err": {},
              "uuid": "6248862d-efaf-43a4-bb2b-2e564bae60b1",
              "parentUUID": "3441585e-fc27-4ae0-9883-f6d26e870ea4",
              "isHook": false,
              "skipped": false
            },
            {
              "title": "Login com Senha Inválida",
              "fullTitle": "Testes de Login Login com Senha Inválida",
              "timedOut": null,
              "duration": 1177,
              "state": "passed",
              "speed": "fast",
              "pass": true,
              "fail": false,
              "pending": false,
              "context": null,
              "code": "(0, _login_page.preencherEmail)(_faker.faker.internet.email());\n(0, _login_page.preencherSenha)(_faker.faker.string.numeric(4));\n(0, _login_page.clicarLogin)();\n(0, _login_page.validarMensagem)('senhaInvalida');",
              "err": {},
              "uuid": "3f00bd9e-1ec1-4ad6-b233-36187e74c045",
              "parentUUID": "3441585e-fc27-4ae0-9883-f6d26e870ea4",
              "isHook": false,
              "skipped": false
            },
            {
              "title": "Login com E-mail Vazio",
              "fullTitle": "Testes de Login Login com E-mail Vazio",
              "timedOut": null,
              "duration": 710,
              "state": "passed",
              "speed": "fast",
              "pass": true,
              "fail": false,
              "pending": false,
              "context": null,
              "code": "(0, _login_page.preencherSenha)(_faker.faker.string.numeric(6));\n(0, _login_page.clicarLogin)();\n(0, _login_page.validarMensagem)('emailInvalido');",
              "err": {},
              "uuid": "87e4e132-aaea-4b19-9b96-36e53d2e0c72",
              "parentUUID": "3441585e-fc27-4ae0-9883-f6d26e870ea4",
              "isHook": false,
              "skipped": false
            },
            {
              "title": "Login com Senha Vazia",
              "fullTitle": "Testes de Login Login com Senha Vazia",
              "timedOut": null,
              "duration": 836,
              "state": "passed",
              "speed": "fast",
              "pass": true,
              "fail": false,
              "pending": false,
              "context": null,
              "code": "(0, _login_page.preencherEmail)(_faker.faker.internet.email());\n(0, _login_page.clicarLogin)();\n(0, _login_page.validarMensagem)('senhaInvalida');",
              "err": {},
              "uuid": "f0f2301a-38a9-4d11-a097-1ff238e01177",
              "parentUUID": "3441585e-fc27-4ae0-9883-f6d26e870ea4",
              "isHook": false,
              "skipped": false
            },
            {
              "title": "Deve abrir a tela de cadastro",
              "fullTitle": "Testes de Login Deve abrir a tela de cadastro",
              "timedOut": null,
              "duration": 646,
              "state": "passed",
              "speed": "fast",
              "pass": true,
              "fail": false,
              "pending": false,
              "context": null,
              "code": "(0, _login_page.criarConta)();\n(0, _login_page.validarTelaCadastro)();",
              "err": {},
              "uuid": "c8af8282-ac8c-4044-967d-90cd193011a1",
              "parentUUID": "3441585e-fc27-4ae0-9883-f6d26e870ea4",
              "isHook": false,
              "skipped": false
            }
          ],
          "suites": [],
          "passes": [
            "f3500f5f-9b36-4666-8489-38a21b91af3a",
            "6248862d-efaf-43a4-bb2b-2e564bae60b1",
            "3f00bd9e-1ec1-4ad6-b233-36187e74c045",
            "87e4e132-aaea-4b19-9b96-36e53d2e0c72",
            "f0f2301a-38a9-4d11-a097-1ff238e01177",
            "c8af8282-ac8c-4044-967d-90cd193011a1"
          ],
          "failures": [],
          "pending": [],
          "skipped": [],
          "duration": 5788,
          "root": false,
          "rootEmpty": false,
          "_timeout": 2000
        }
      ],
      "passes": [],
      "failures": [],
      "pending": [],
      "skipped": [],
      "duration": 0,
      "root": true,
      "rootEmpty": true,
      "_timeout": 2000
    },
    {
      "uuid": "42126df8-c670-4cd3-91b6-cff025ae3680",
      "title": "",
      "fullFile": "cypress\\e2e\\Comandos-basicos-do-cypress.cy.js",
      "file": "cypress\\e2e\\Comandos-basicos-do-cypress.cy.js",
      "beforeHooks": [],
      "afterHooks": [],
      "tests": [],
      "suites": [
        {
          "uuid": "5c290ce8-3f92-40bb-8a5e-5f42226fd916",
          "title": "Comandos Básicos do Cypress",
          "fullFile": "",
          "file": "",
          "beforeHooks": [],
          "afterHooks": [],
          "tests": [
            {
              "title": "Abrir uma URL",
              "fullTitle": "Comandos Básicos do Cypress Abrir uma URL",
              "timedOut": null,
              "duration": 905,
              "state": "passed",
              "speed": "fast",
              "pass": true,
              "fail": false,
              "pending": false,
              "context": null,
              "code": "cy.visit('https://automationpratice.com.br/login');",
              "err": {},
              "uuid": "55ae41d3-c239-45e0-a77d-e1e9a56968ee",
              "parentUUID": "5c290ce8-3f92-40bb-8a5e-5f42226fd916",
              "isHook": false,
              "skipped": false
            },
            {
              "title": "Encontrar Elementos",
              "fullTitle": "Comandos Básicos do Cypress Encontrar Elementos",
              "timedOut": null,
              "duration": 799,
              "state": "passed",
              "speed": "fast",
              "pass": true,
              "fail": false,
              "pending": false,
              "context": null,
              "code": "cy.visit('https://automationpratice.com.br/login');\n//get()\ncy.get('#user');\n//find() - Usa depois que diminui o escopo com o get()\ncy.get('.mc-form').find('.form-control');\ncy.get('.mc-form').find('.form-control').type('meu.emaul@teste.com.br{enter}'); //Assim ele já simula o click no enter do teclado\n//contais() - encontra um elemento pelo texto!\ncy.get('.mc-form').contains('Send');",
              "err": {},
              "uuid": "b1bf0c24-baa2-4ac8-b7a9-df2a33ada1b1",
              "parentUUID": "5c290ce8-3f92-40bb-8a5e-5f42226fd916",
              "isHook": false,
              "skipped": false
            },
            {
              "title": "Preencher um Campo",
              "fullTitle": "Comandos Básicos do Cypress Preencher um Campo",
              "timedOut": null,
              "duration": 892,
              "state": "passed",
              "speed": "fast",
              "pass": true,
              "fail": false,
              "pending": false,
              "context": null,
              "code": "cy.visit('https://automationpratice.com.br/login');\ncy.get('#user').type('teste@teste.com.br');\ncy.get('#password').type('123456');",
              "err": {},
              "uuid": "57e5f290-c0d8-431e-974e-9ded44279f7a",
              "parentUUID": "5c290ce8-3f92-40bb-8a5e-5f42226fd916",
              "isHook": false,
              "skipped": false
            },
            {
              "title": "Click no Elemento",
              "fullTitle": "Comandos Básicos do Cypress Click no Elemento",
              "timedOut": null,
              "duration": 670,
              "state": "passed",
              "speed": "fast",
              "pass": true,
              "fail": false,
              "pending": false,
              "context": null,
              "code": "cy.visit('https://automationpratice.com.br/login');\ncy.get('#btnLogin').click();\ncy.get('#btnLogin').click(10, 10); //Clica em uma coordenada especifica do elemento\ncy.get('#btnLogin').rightclick(); //Clica com o botão direito\ncy.get('#btnLogin').dblclick(); //Double click",
              "err": {},
              "uuid": "52635008-0468-452e-9690-eb69ed3c5803",
              "parentUUID": "5c290ce8-3f92-40bb-8a5e-5f42226fd916",
              "isHook": false,
              "skipped": false
            },
            {
              "title": "Select/Dropdown",
              "fullTitle": "Comandos Básicos do Cypress Select/Dropdown",
              "timedOut": null,
              "duration": 626,
              "state": "passed",
              "speed": "fast",
              "pass": true,
              "fail": false,
              "pending": false,
              "context": null,
              "code": "cy.visit('https://automationpratice.com.br/checkout-one');\ncy.get('#country').select(1); //Seleciona o primeiro elemento da caixa de seleção\ncy.get('#country').select(2); //Seleciona o segundo elemento da caixa de seleção",
              "err": {},
              "uuid": "f0cb9269-34fb-46f4-b338-9c70b6d80eef",
              "parentUUID": "5c290ce8-3f92-40bb-8a5e-5f42226fd916",
              "isHook": false,
              "skipped": false
            },
            {
              "title": "Checkbox/Radio",
              "fullTitle": "Comandos Básicos do Cypress Checkbox/Radio",
              "timedOut": null,
              "duration": 508,
              "state": "passed",
              "speed": "fast",
              "pass": true,
              "fail": false,
              "pending": false,
              "context": null,
              "code": "cy.visit('https://automationpratice.com.br/checkout-one');\ncy.get('#materialUnchecked').check(); //Marca o item da Checkbox\ncy.get('#materialUnchecked').uncheck(); //Desmarca o Item da Checkbox",
              "err": {},
              "uuid": "1d556ecb-3745-442a-af79-6c6c64ddcab1",
              "parentUUID": "5c290ce8-3f92-40bb-8a5e-5f42226fd916",
              "isHook": false,
              "skipped": false
            },
            {
              "title": "Validar um Elemento",
              "fullTitle": "Comandos Básicos do Cypress Validar um Elemento",
              "timedOut": null,
              "duration": 971,
              "state": "passed",
              "speed": "fast",
              "pass": true,
              "fail": false,
              "pending": false,
              "context": null,
              "code": "cy.visit('https://automationpratice.com.br/login');\ncy.get('#user').type('teste@teste.com.br');\ncy.get('#password').type('123456');\ncy.get('#btnLogin').click();\ncy.get('#swal2-title').should('be.visible').should('have.text', 'Login realizado'); //Valida se o elemento está visível e se contém o texto esperado",
              "err": {},
              "uuid": "99cc02e7-60b3-45be-9d25-aa8dec491772",
              "parentUUID": "5c290ce8-3f92-40bb-8a5e-5f42226fd916",
              "isHook": false,
              "skipped": false
            }
          ],
          "suites": [],
          "passes": [
            "55ae41d3-c239-45e0-a77d-e1e9a56968ee",
            "b1bf0c24-baa2-4ac8-b7a9-df2a33ada1b1",
            "57e5f290-c0d8-431e-974e-9ded44279f7a",
            "52635008-0468-452e-9690-eb69ed3c5803",
            "f0cb9269-34fb-46f4-b338-9c70b6d80eef",
            "1d556ecb-3745-442a-af79-6c6c64ddcab1",
            "99cc02e7-60b3-45be-9d25-aa8dec491772"
          ],
          "failures": [],
          "pending": [],
          "skipped": [],
          "duration": 5371,
          "root": false,
          "rootEmpty": false,
          "_timeout": 2000
        }
      ],
      "passes": [],
      "failures": [],
      "pending": [],
      "skipped": [],
      "duration": 0,
      "root": true,
      "rootEmpty": true,
      "_timeout": 2000
    },
    {
      "uuid": "e416133f-6616-418a-894c-2bbebd66dad0",
      "title": "",
      "fullFile": "cypress\\e2e\\Teste-cadastro.cy.js",
      "file": "cypress\\e2e\\Teste-cadastro.cy.js",
      "beforeHooks": [],
      "afterHooks": [],
      "tests": [],
      "suites": [
        {
          "uuid": "022d4343-0798-43d6-8a34-5e8953f373e4",
          "title": "Testes de Cadastro",
          "fullFile": "",
          "file": "",
          "beforeHooks": [],
          "afterHooks": [],
          "tests": [
            {
              "title": "Cadastro com Sucesso",
              "fullTitle": "Testes de Cadastro Cadastro com Sucesso",
              "timedOut": null,
              "duration": 1658,
              "state": "passed",
              "speed": "fast",
              "pass": true,
              "fail": false,
              "pending": false,
              "context": null,
              "code": "(0, _cadastro_usuario_page.preencherNome)(_faker.faker.person.firstName());\n(0, _cadastro_usuario_page.preencherEmail)(_faker.faker.internet.email());\n(0, _cadastro_usuario_page.preencherSenha)(_faker.faker.string.numeric(6));\n(0, _cadastro_usuario_page.cadastrar)();\n(0, _cadastro_usuario_page.validarCadastroSucesso)();",
              "err": {},
              "uuid": "dfb8013d-951f-4e28-a888-507b89973137",
              "parentUUID": "022d4343-0798-43d6-8a34-5e8953f373e4",
              "isHook": false,
              "skipped": false
            },
            {
              "title": "Cadastro com Usuário em Branco",
              "fullTitle": "Testes de Cadastro Cadastro com Usuário em Branco",
              "timedOut": null,
              "duration": 1156,
              "state": "passed",
              "speed": "fast",
              "pass": true,
              "fail": false,
              "pending": false,
              "context": null,
              "code": "(0, _cadastro_usuario_page.preencherEmail)(_faker.faker.internet.email());\n(0, _cadastro_usuario_page.preencherSenha)(_faker.faker.string.numeric(6));\n(0, _cadastro_usuario_page.cadastrar)();\n(0, _cadastro_usuario_page.validarCadastroErro)('#errorMessageFirstName', 'O campo nome deve ser prenchido');",
              "err": {},
              "uuid": "3e090846-0e28-4eb0-b969-872d0ccef80f",
              "parentUUID": "022d4343-0798-43d6-8a34-5e8953f373e4",
              "isHook": false,
              "skipped": false
            },
            {
              "title": "Cadastro com E-mail em Branco",
              "fullTitle": "Testes de Cadastro Cadastro com E-mail em Branco",
              "timedOut": null,
              "duration": 957,
              "state": "passed",
              "speed": "fast",
              "pass": true,
              "fail": false,
              "pending": false,
              "context": null,
              "code": "(0, _cadastro_usuario_page.preencherNome)(_faker.faker.person.firstName());\n(0, _cadastro_usuario_page.preencherSenha)(_faker.faker.string.numeric(6));\n(0, _cadastro_usuario_page.cadastrar)();\n(0, _cadastro_usuario_page.validarCadastroErro)('#errorMessageFirstName', 'O campo e-mail deve ser prenchido corretamente');",
              "err": {},
              "uuid": "b2548a5c-180c-4a50-a23d-7a883d728dbc",
              "parentUUID": "022d4343-0798-43d6-8a34-5e8953f373e4",
              "isHook": false,
              "skipped": false
            },
            {
              "title": "Cadastro com Senha em Branco",
              "fullTitle": "Testes de Cadastro Cadastro com Senha em Branco",
              "timedOut": null,
              "duration": 1151,
              "state": "passed",
              "speed": "fast",
              "pass": true,
              "fail": false,
              "pending": false,
              "context": null,
              "code": "(0, _cadastro_usuario_page.preencherNome)(_faker.faker.person.firstName());\n(0, _cadastro_usuario_page.preencherEmail)(_faker.faker.internet.email());\n(0, _cadastro_usuario_page.cadastrar)();\n(0, _cadastro_usuario_page.validarCadastroErro)('#errorMessageFirstName', 'O campo senha deve ter pelo menos 6 dígitos');",
              "err": {},
              "uuid": "33350483-15c3-4e06-839c-028a8a918fa9",
              "parentUUID": "022d4343-0798-43d6-8a34-5e8953f373e4",
              "isHook": false,
              "skipped": false
            }
          ],
          "suites": [],
          "passes": [
            "dfb8013d-951f-4e28-a888-507b89973137",
            "3e090846-0e28-4eb0-b969-872d0ccef80f",
            "b2548a5c-180c-4a50-a23d-7a883d728dbc",
            "33350483-15c3-4e06-839c-028a8a918fa9"
          ],
          "failures": [],
          "pending": [],
          "skipped": [],
          "duration": 4922,
          "root": false,
          "rootEmpty": false,
          "_timeout": 2000
        }
      ],
      "passes": [],
      "failures": [],
      "pending": [],
      "skipped": [],
      "duration": 0,
      "root": true,
      "rootEmpty": true,
      "_timeout": 2000
    },
    {
      "uuid": "f4fa827a-b9b1-4101-92b5-e1433a47a886",
      "title": "",
      "fullFile": "cypress\\e2e\\Teste-checkout.cy.js",
      "file": "cypress\\e2e\\Teste-checkout.cy.js",
      "beforeHooks": [],
      "afterHooks": [],
      "tests": [],
      "suites": [
        {
          "uuid": "53a7459f-54d4-4474-9a14-9cb0c7ba577f",
          "title": "Testes de Checkout",
          "fullFile": "",
          "file": "",
          "beforeHooks": [],
          "afterHooks": [],
          "tests": [
            {
              "title": "Checkout com sucesso usando paypal",
              "fullTitle": "Testes de Checkout Checkout com sucesso usando paypal",
              "timedOut": null,
              "duration": 4443,
              "state": "passed",
              "speed": "fast",
              "pass": true,
              "fail": false,
              "pending": false,
              "context": null,
              "code": "//Preencher as informações paga Pagamento e salvar\n(0, _checkout_page.preencherFirstName)(_faker.faker.person.firstName());\n(0, _checkout_page.preencherLastName)(_faker.faker.person.lastName());\n(0, _checkout_page.preencherCompany)(_faker.faker.company.name());\n(0, _checkout_page.preencherEmail)(_faker.faker.internet.email());\n(0, _checkout_page.selecionarCountry)(1);\n(0, _checkout_page.selecionarCity)(2);\n(0, _checkout_page.preencherZipCode)(_faker.faker.string.numeric(9));\n(0, _checkout_page.preencherFullAdress)(`${_faker.faker.location.street()}, ${_faker.faker.location.buildingNumber()}, ${_faker.faker.location.secondaryAddress()}`);\n(0, _checkout_page.preencherAdicionalNotes)(_faker.faker.lorem.lines({\n  min: 1,\n  max: 3\n}));\n(0, _checkout_page.marcarSalvarDados)();\n(0, _checkout_page.clicarSalvar)();\n//Escolher a opção de pagamento validar ela e finalizar pedido\n(0, _checkout_page.selecionarMetodoPagamento)(metodo);\n(0, _checkout_page.validarSelecaoMetodoPagamento)(metodo);\n(0, _checkout_page.placeOrder)();\n(0, _checkout_page.validarPedidoSucesso)();",
              "err": {},
              "uuid": "5e746d78-707a-4f40-94d3-a063b0f40419",
              "parentUUID": "53a7459f-54d4-4474-9a14-9cb0c7ba577f",
              "isHook": false,
              "skipped": false
            },
            {
              "title": "Checkout com sucesso usando mobileBanking",
              "fullTitle": "Testes de Checkout Checkout com sucesso usando mobileBanking",
              "timedOut": null,
              "duration": 4499,
              "state": "passed",
              "speed": "fast",
              "pass": true,
              "fail": false,
              "pending": false,
              "context": null,
              "code": "//Preencher as informações paga Pagamento e salvar\n(0, _checkout_page.preencherFirstName)(_faker.faker.person.firstName());\n(0, _checkout_page.preencherLastName)(_faker.faker.person.lastName());\n(0, _checkout_page.preencherCompany)(_faker.faker.company.name());\n(0, _checkout_page.preencherEmail)(_faker.faker.internet.email());\n(0, _checkout_page.selecionarCountry)(1);\n(0, _checkout_page.selecionarCity)(2);\n(0, _checkout_page.preencherZipCode)(_faker.faker.string.numeric(9));\n(0, _checkout_page.preencherFullAdress)(`${_faker.faker.location.street()}, ${_faker.faker.location.buildingNumber()}, ${_faker.faker.location.secondaryAddress()}`);\n(0, _checkout_page.preencherAdicionalNotes)(_faker.faker.lorem.lines({\n  min: 1,\n  max: 3\n}));\n(0, _checkout_page.marcarSalvarDados)();\n(0, _checkout_page.clicarSalvar)();\n//Escolher a opção de pagamento validar ela e finalizar pedido\n(0, _checkout_page.selecionarMetodoPagamento)(metodo);\n(0, _checkout_page.validarSelecaoMetodoPagamento)(metodo);\n(0, _checkout_page.placeOrder)();\n(0, _checkout_page.validarPedidoSucesso)();",
              "err": {},
              "uuid": "e5ed3194-f69a-496f-8d8a-19e195ec8553",
              "parentUUID": "53a7459f-54d4-4474-9a14-9cb0c7ba577f",
              "isHook": false,
              "skipped": false
            },
            {
              "title": "Checkout com sucesso usando directBankTransfer",
              "fullTitle": "Testes de Checkout Checkout com sucesso usando directBankTransfer",
              "timedOut": null,
              "duration": 4966,
              "state": "passed",
              "speed": "fast",
              "pass": true,
              "fail": false,
              "pending": false,
              "context": null,
              "code": "//Preencher as informações paga Pagamento e salvar\n(0, _checkout_page.preencherFirstName)(_faker.faker.person.firstName());\n(0, _checkout_page.preencherLastName)(_faker.faker.person.lastName());\n(0, _checkout_page.preencherCompany)(_faker.faker.company.name());\n(0, _checkout_page.preencherEmail)(_faker.faker.internet.email());\n(0, _checkout_page.selecionarCountry)(1);\n(0, _checkout_page.selecionarCity)(2);\n(0, _checkout_page.preencherZipCode)(_faker.faker.string.numeric(9));\n(0, _checkout_page.preencherFullAdress)(`${_faker.faker.location.street()}, ${_faker.faker.location.buildingNumber()}, ${_faker.faker.location.secondaryAddress()}`);\n(0, _checkout_page.preencherAdicionalNotes)(_faker.faker.lorem.lines({\n  min: 1,\n  max: 3\n}));\n(0, _checkout_page.marcarSalvarDados)();\n(0, _checkout_page.clicarSalvar)();\n//Escolher a opção de pagamento validar ela e finalizar pedido\n(0, _checkout_page.selecionarMetodoPagamento)(metodo);\n(0, _checkout_page.validarSelecaoMetodoPagamento)(metodo);\n(0, _checkout_page.placeOrder)();\n(0, _checkout_page.validarPedidoSucesso)();",
              "err": {},
              "uuid": "9774cfce-d553-4219-bfb2-c485f63e23fc",
              "parentUUID": "53a7459f-54d4-4474-9a14-9cb0c7ba577f",
              "isHook": false,
              "skipped": false
            }
          ],
          "suites": [],
          "passes": [
            "5e746d78-707a-4f40-94d3-a063b0f40419",
            "e5ed3194-f69a-496f-8d8a-19e195ec8553",
            "9774cfce-d553-4219-bfb2-c485f63e23fc"
          ],
          "failures": [],
          "pending": [],
          "skipped": [],
          "duration": 13908,
          "root": false,
          "rootEmpty": false,
          "_timeout": 2000
        }
      ],
      "passes": [],
      "failures": [],
      "pending": [],
      "skipped": [],
      "duration": 0,
      "root": true,
      "rootEmpty": true,
      "_timeout": 2000
    },
    {
      "uuid": "a6decb23-6be5-451a-b81a-0b78c4d36102",
      "title": "",
      "fullFile": "cypress\\e2e\\Teste-login.cy.js",
      "file": "cypress\\e2e\\Teste-login.cy.js",
      "beforeHooks": [],
      "afterHooks": [],
      "tests": [],
      "suites": [
        {
          "uuid": "81b4a4d9-ad94-4609-9b5e-bc2a133fc4f2",
          "title": "Testes de Login",
          "fullFile": "",
          "file": "",
          "beforeHooks": [],
          "afterHooks": [],
          "tests": [
            {
              "title": "Login com Sucesso",
              "fullTitle": "Testes de Login Login com Sucesso",
              "timedOut": null,
              "duration": 1535,
              "state": "passed",
              "speed": "fast",
              "pass": true,
              "fail": false,
              "pending": false,
              "context": null,
              "code": "(0, _login_page.preencherEmail)(_faker.faker.internet.email());\n(0, _login_page.preencherSenha)(_faker.faker.string.numeric(6));\n(0, _login_page.clicarLogin)();\n(0, _login_page.validarMensagem)('loginSucesso');",
              "err": {},
              "uuid": "0894628f-0914-489d-9a95-5273d0ba1e5d",
              "parentUUID": "81b4a4d9-ad94-4609-9b5e-bc2a133fc4f2",
              "isHook": false,
              "skipped": false
            },
            {
              "title": "Login com E-mail Inválido",
              "fullTitle": "Testes de Login Login com E-mail Inválido",
              "timedOut": null,
              "duration": 1011,
              "state": "passed",
              "speed": "fast",
              "pass": true,
              "fail": false,
              "pending": false,
              "context": null,
              "code": "(0, _login_page.preencherEmail)(_faker.faker.string.numeric(6));\n(0, _login_page.preencherSenha)(_faker.faker.string.numeric(6));\n(0, _login_page.clicarLogin)();\n(0, _login_page.validarMensagem)('emailInvalido');",
              "err": {},
              "uuid": "d8c705f3-81a4-4b38-b89d-5ae2b602da69",
              "parentUUID": "81b4a4d9-ad94-4609-9b5e-bc2a133fc4f2",
              "isHook": false,
              "skipped": false
            },
            {
              "title": "Login com Senha Inválida",
              "fullTitle": "Testes de Login Login com Senha Inválida",
              "timedOut": null,
              "duration": 1167,
              "state": "passed",
              "speed": "fast",
              "pass": true,
              "fail": false,
              "pending": false,
              "context": null,
              "code": "(0, _login_page.preencherEmail)(_faker.faker.internet.email());\n(0, _login_page.preencherSenha)(_faker.faker.string.numeric(4));\n(0, _login_page.clicarLogin)();\n(0, _login_page.validarMensagem)('senhaInvalida');",
              "err": {},
              "uuid": "00c4a62e-f87d-4906-b79f-84eb071d744c",
              "parentUUID": "81b4a4d9-ad94-4609-9b5e-bc2a133fc4f2",
              "isHook": false,
              "skipped": false
            },
            {
              "title": "Login com E-mail Vazio",
              "fullTitle": "Testes de Login Login com E-mail Vazio",
              "timedOut": null,
              "duration": 717,
              "state": "passed",
              "speed": "fast",
              "pass": true,
              "fail": false,
              "pending": false,
              "context": null,
              "code": "(0, _login_page.preencherSenha)(_faker.faker.string.numeric(6));\n(0, _login_page.clicarLogin)();\n(0, _login_page.validarMensagem)('emailInvalido');",
              "err": {},
              "uuid": "815fa13e-cda7-4f81-9898-d25c8902d94e",
              "parentUUID": "81b4a4d9-ad94-4609-9b5e-bc2a133fc4f2",
              "isHook": false,
              "skipped": false
            },
            {
              "title": "Login com Senha Vazia",
              "fullTitle": "Testes de Login Login com Senha Vazia",
              "timedOut": null,
              "duration": 945,
              "state": "passed",
              "speed": "fast",
              "pass": true,
              "fail": false,
              "pending": false,
              "context": null,
              "code": "(0, _login_page.preencherEmail)(_faker.faker.internet.email());\n(0, _login_page.clicarLogin)();\n(0, _login_page.validarMensagem)('senhaInvalida');",
              "err": {},
              "uuid": "c6d46fb7-5b3f-4fe6-9d82-89f1a7dcfd06",
              "parentUUID": "81b4a4d9-ad94-4609-9b5e-bc2a133fc4f2",
              "isHook": false,
              "skipped": false
            },
            {
              "title": "Deve abrir a tela de cadastro",
              "fullTitle": "Testes de Login Deve abrir a tela de cadastro",
              "timedOut": null,
              "duration": 655,
              "state": "passed",
              "speed": "fast",
              "pass": true,
              "fail": false,
              "pending": false,
              "context": null,
              "code": "(0, _login_page.criarConta)();\n(0, _login_page.validarTelaCadastro)();",
              "err": {},
              "uuid": "2b71223d-c415-43c4-9a1b-ecff4d129efd",
              "parentUUID": "81b4a4d9-ad94-4609-9b5e-bc2a133fc4f2",
              "isHook": false,
              "skipped": false
            }
          ],
          "suites": [],
          "passes": [
            "0894628f-0914-489d-9a95-5273d0ba1e5d",
            "d8c705f3-81a4-4b38-b89d-5ae2b602da69",
            "00c4a62e-f87d-4906-b79f-84eb071d744c",
            "815fa13e-cda7-4f81-9898-d25c8902d94e",
            "c6d46fb7-5b3f-4fe6-9d82-89f1a7dcfd06",
            "2b71223d-c415-43c4-9a1b-ecff4d129efd"
          ],
          "failures": [],
          "pending": [],
          "skipped": [],
          "duration": 6030,
          "root": false,
          "rootEmpty": false,
          "_timeout": 2000
        }
      ],
      "passes": [],
      "failures": [],
      "pending": [],
      "skipped": [],
      "duration": 0,
      "root": true,
      "rootEmpty": true,
      "_timeout": 2000
    },
    {
      "uuid": "51f79426-d099-4f06-85ee-3f7d26aa5933",
      "title": "",
      "fullFile": "cypress\\e2e\\Comandos-basicos-do-cypress.cy.js",
      "file": "cypress\\e2e\\Comandos-basicos-do-cypress.cy.js",
      "beforeHooks": [],
      "afterHooks": [],
      "tests": [],
      "suites": [
        {
          "uuid": "3e2f2c68-ff3c-4db0-b40b-2970e8e40cb1",
          "title": "Comandos Básicos do Cypress",
          "fullFile": "",
          "file": "",
          "beforeHooks": [],
          "afterHooks": [],
          "tests": [
            {
              "title": "Abrir uma URL",
              "fullTitle": "Comandos Básicos do Cypress Abrir uma URL",
              "timedOut": null,
              "duration": 1069,
              "state": "passed",
              "speed": "fast",
              "pass": true,
              "fail": false,
              "pending": false,
              "context": null,
              "code": "cy.visit('https://automationpratice.com.br/login');",
              "err": {},
              "uuid": "eb249afc-2881-4095-b2bb-fa16639f6669",
              "parentUUID": "3e2f2c68-ff3c-4db0-b40b-2970e8e40cb1",
              "isHook": false,
              "skipped": false
            },
            {
              "title": "Encontrar Elementos",
              "fullTitle": "Comandos Básicos do Cypress Encontrar Elementos",
              "timedOut": null,
              "duration": 827,
              "state": "passed",
              "speed": "fast",
              "pass": true,
              "fail": false,
              "pending": false,
              "context": null,
              "code": "cy.visit('https://automationpratice.com.br/login');\n//get()\ncy.get('#user');\n//find() - Usa depois que diminui o escopo com o get()\ncy.get('.mc-form').find('.form-control');\ncy.get('.mc-form').find('.form-control').type('meu.emaul@teste.com.br{enter}'); //Assim ele já simula o click no enter do teclado\n//contais() - encontra um elemento pelo texto!\ncy.get('.mc-form').contains('Send');",
              "err": {},
              "uuid": "1e620679-42f5-4cd6-965c-e929e2aa18a7",
              "parentUUID": "3e2f2c68-ff3c-4db0-b40b-2970e8e40cb1",
              "isHook": false,
              "skipped": false
            },
            {
              "title": "Preencher um Campo",
              "fullTitle": "Comandos Básicos do Cypress Preencher um Campo",
              "timedOut": null,
              "duration": 887,
              "state": "passed",
              "speed": "fast",
              "pass": true,
              "fail": false,
              "pending": false,
              "context": null,
              "code": "cy.visit('https://automationpratice.com.br/login');\ncy.get('#user').type('teste@teste.com.br');\ncy.get('#password').type('123456');",
              "err": {},
              "uuid": "fdf4b3a6-020a-4232-88b5-dffd593d4a5a",
              "parentUUID": "3e2f2c68-ff3c-4db0-b40b-2970e8e40cb1",
              "isHook": false,
              "skipped": false
            },
            {
              "title": "Click no Elemento",
              "fullTitle": "Comandos Básicos do Cypress Click no Elemento",
              "timedOut": null,
              "duration": 648,
              "state": "passed",
              "speed": "fast",
              "pass": true,
              "fail": false,
              "pending": false,
              "context": null,
              "code": "cy.visit('https://automationpratice.com.br/login');\ncy.get('#btnLogin').click();\ncy.get('#btnLogin').click(10, 10); //Clica em uma coordenada especifica do elemento\ncy.get('#btnLogin').rightclick(); //Clica com o botão direito\ncy.get('#btnLogin').dblclick(); //Double click",
              "err": {},
              "uuid": "13aa0476-8c98-4ad2-b42d-bf6a2385c9d4",
              "parentUUID": "3e2f2c68-ff3c-4db0-b40b-2970e8e40cb1",
              "isHook": false,
              "skipped": false
            },
            {
              "title": "Select/Dropdown",
              "fullTitle": "Comandos Básicos do Cypress Select/Dropdown",
              "timedOut": null,
              "duration": 623,
              "state": "passed",
              "speed": "fast",
              "pass": true,
              "fail": false,
              "pending": false,
              "context": null,
              "code": "cy.visit('https://automationpratice.com.br/checkout-one');\ncy.get('#country').select(1); //Seleciona o primeiro elemento da caixa de seleção\ncy.get('#country').select(2); //Seleciona o segundo elemento da caixa de seleção",
              "err": {},
              "uuid": "91199092-92a4-4f14-b808-d4424a839309",
              "parentUUID": "3e2f2c68-ff3c-4db0-b40b-2970e8e40cb1",
              "isHook": false,
              "skipped": false
            },
            {
              "title": "Checkbox/Radio",
              "fullTitle": "Comandos Básicos do Cypress Checkbox/Radio",
              "timedOut": null,
              "duration": 509,
              "state": "passed",
              "speed": "fast",
              "pass": true,
              "fail": false,
              "pending": false,
              "context": null,
              "code": "cy.visit('https://automationpratice.com.br/checkout-one');\ncy.get('#materialUnchecked').check(); //Marca o item da Checkbox\ncy.get('#materialUnchecked').uncheck(); //Desmarca o Item da Checkbox",
              "err": {},
              "uuid": "dd0ab3b0-df5e-4541-a28f-60ba39c5f12e",
              "parentUUID": "3e2f2c68-ff3c-4db0-b40b-2970e8e40cb1",
              "isHook": false,
              "skipped": false
            },
            {
              "title": "Validar um Elemento",
              "fullTitle": "Comandos Básicos do Cypress Validar um Elemento",
              "timedOut": null,
              "duration": 969,
              "state": "passed",
              "speed": "fast",
              "pass": true,
              "fail": false,
              "pending": false,
              "context": null,
              "code": "cy.visit('https://automationpratice.com.br/login');\ncy.get('#user').type('teste@teste.com.br');\ncy.get('#password').type('123456');\ncy.get('#btnLogin').click();\ncy.get('#swal2-title').should('be.visible').should('have.text', 'Login realizado'); //Valida se o elemento está visível e se contém o texto esperado",
              "err": {},
              "uuid": "abf8d9c1-40f7-4a5d-811d-928064ab0d98",
              "parentUUID": "3e2f2c68-ff3c-4db0-b40b-2970e8e40cb1",
              "isHook": false,
              "skipped": false
            }
          ],
          "suites": [],
          "passes": [
            "eb249afc-2881-4095-b2bb-fa16639f6669",
            "1e620679-42f5-4cd6-965c-e929e2aa18a7",
            "fdf4b3a6-020a-4232-88b5-dffd593d4a5a",
            "13aa0476-8c98-4ad2-b42d-bf6a2385c9d4",
            "91199092-92a4-4f14-b808-d4424a839309",
            "dd0ab3b0-df5e-4541-a28f-60ba39c5f12e",
            "abf8d9c1-40f7-4a5d-811d-928064ab0d98"
          ],
          "failures": [],
          "pending": [],
          "skipped": [],
          "duration": 5532,
          "root": false,
          "rootEmpty": false,
          "_timeout": 2000
        }
      ],
      "passes": [],
      "failures": [],
      "pending": [],
      "skipped": [],
      "duration": 0,
      "root": true,
      "rootEmpty": true,
      "_timeout": 2000
    }
  ],
  "meta": {
    "mocha": {
      "version": "7.2.0"
    },
    "mochawesome": {
      "options": {
        "quiet": true,
        "reportFilename": "mochawesome",
        "saveHtml": false,
        "saveJson": true,
        "consoleReporter": "spec",
        "useInlineDiffs": false,
        "code": true
      },
      "version": "7.1.4"
    },
    "marge": {
      "options": {
        "reportDir": "cypress/reports",
        "overwrite": false,
        "html": false,
        "json": true,
        "quiet": true
      },
      "version": "6.3.2"
    }
  }
}